#
# There is insufficient memory for the Java Runtime Environment to continue.
# Native memory allocation (mmap) failed to map 65536 bytes for Failed to commit metaspace.
# Possible reasons:
#   The system is out of physical RAM or swap space
#   The process is running with CompressedOops enabled, and the Java Heap may be blocking the growth of the native heap
# Possible solutions:
#   Reduce memory load on the system
#   Increase physical memory or swap space
#   Check if swap backing store is full
#   Decrease Java heap size (-Xmx/-Xms)
#
#  Out of Memory Error, pid=78962 cores, 3G,  Windows 11 , 64 bit Build 22000 (10.0.22000.1516)
Time: Sun Mar 12 22:36:27 2023 Coordinated Universal Time elapsed time: 40.002621 seconds (0d 0h 0m 40s)

---------------  T H R E A D  ---------------

Current thread (0x000001a1f0415030):  JavaThread "JavaFX Application Thread" [_thread_in_vm, id=7052, stack(0x000000781fd00000,0x000000781fe00000)]

Stack: [0x000000781fd00000,0x000000781fe00000]
Native frames: (J=compiled Java code, j=interpreted, Vv=VM code, C=native code)
V  [jvm.dll+0x675efa]
V  [jvm.dll+0x830a24]
V  [jvm.dll+0x8321ce]
V  [jvm.dll+0x832833]
V  [jvm.dll+0x2454b5]
V  [jvm.dll+0x82c9cb]
V  [jvm.dll+0x61ab26]
V  [jvm.dll+0x1c046e]
V  [jvm.dll+0x61d471]
V  [jvm.dll+0x61b4c6]
V  [jvm.dll+0x657e3b]
V  [jvm.dll+0x36b735]
V  [jvm.dll+0x36b658]
V  [jvm.dll+0x37f357]
C  0x000001a1dbedb8ea

Java frames: (J=compiled Java code, j=interpreted, Vv=VM code)
j  javafx.scene.layout.Background.<clinit>()V+105 javafx.graphics
v  ~StubRoutines::call_stub
j  javafx.scene.layout.Region$StyleableProperties.<clinit>()V+45 javafx.graphics
v  ~StubRoutines::call_stub
j  javafx.scene.layout.Region.getClassCssMetaData()Ljava/util/List;+0 javafx.graphics
j  javafx.scene.control.Control$StyleableProperties.<clinit>()V+19 javafx.controls
v  ~StubRoutines::call_stub
j  javafx.scene.control.Control.getClassCssMetaData()Ljava/util/List;+0 javafx.controls
j  javafx.scene.control.Labeled$StyleableProperties.<clinit>()V+260 javafx.controls
v  ~StubRoutines::call_stub
j  javafx.scene.control.Labeled.getClassCssMetaData()Ljava/util/List;+0 javafx.controls
j  javafx.scene.control.Labeled.getControlCssMetaData()Ljava/util/List;+0 javafx.controls
j  javafx.scene.control.Control.getCssMetaData()Ljava/util/List;+16 javafx.controls
j  javafx.scene.CssStyleHelper$CacheContainer.<init>(Ljavafx/scene/Node;Lcom/sun/javafx/css/StyleMap;I)V+134 javafx.graphics
j  javafx.scene.CssStyleHelper.createStyleHelper(Ljavafx/scene/Node;)Ljavafx/scene/CssStyleHelper;+264 javafx.graphics
j  javafx.scene.Node.reapplyCss()V+14 javafx.graphics
j  javafx.scene.Node.reapplyCSS()V+60 javafx.graphics
j  javafx.scene.Node.invalidatedScenes(Ljavafx/scene/Scene;Ljavafx/scene/SubScene;)V+187 javafx.graphics
j  javafx.scene.Node.setScenes(Ljavafx/scene/Scene;Ljavafx/scene/SubScene;)V+47 javafx.graphics
j  javafx.scene.Parent.scenesChanged(Ljavafx/scene/Scene;Ljavafx/scene/SubScene;Ljavafx/scene/Scene;Ljavafx/scene/SubScene;)V+64 javafx.graphics
j  javafx.scene.Node.invalidatedScenes(Ljavafx/scene/Scene;Ljavafx/scene/SubScene;)V+86 javafx.graphics
j  javafx.scene.Node.setScenes(Ljavafx/scene/Scene;Ljavafx/scene/SubScene;)V+47 javafx.graphics
j  javafx.scene.Parent.scenesChanged(Ljavafx/scene/Scene;Ljavafx/scene/SubScene;Ljavafx/scene/Scene;Ljavafx/scene/SubScene;)V+64 javafx.graphics
j  javafx.scene.Node.invalidatedScenes(Ljavafx/scene/Scene;Ljavafx/scene/SubScene;)V+86 javafx.graphics
j  javafx.scene.Node.setScenes(Ljavafx/scene/Scene;Ljavafx/scene/SubScene;)V+47 javafx.graphics
j  javafx.scene.Scene$8.invalidated()V+199 javafx.graphics
j  javafx.beans.property.ObjectPropertyBase.markInvalid()V+13 javafx.base
j  javafx.beans.property.ObjectPropertyBase.set(Ljava/lang/Object;)V+72 javafx.base
j  javafx.scene.Scene.setRoot(Ljavafx/scene/Parent;)V+5 javafx.graphics
j  javafx.scene.Scene.<init>(Ljavafx/scene/Parent;DDLjavafx/scene/paint/Paint;ZLjavafx/scene/SceneAntialiasing;)V+299 javafx.graphics
j  javafx.scene.Scene.<init>(Ljavafx/scene/Parent;DD)V+12 javafx.graphics
j  application.Main.start(Ljavafx/stage/Stage;)V+36 test
j  com.sun.javafx.application.LauncherImpl.lambda$launchApplication1$9(Ljava/util/concurrent/atomic/AtomicBoolean;Ljavafx/application/Application;)V+20 javafx.graphics
j  com.sun.javafx.application.LauncherImpl$$Lambda$118+0x0000000100100678.run()V+8 javafx.graphics
j  com.sun.javafx.application.PlatformImpl.lambda$runAndWait$12(Ljava/lang/Runnable;Ljava/util/concurrent/CountDownLatch;)V+1 javafx.graphics
j  com.sun.javafx.application.PlatformImpl$$Lambda$99+0x00000001000ff8a8.run()V+8 javafx.graphics
j  com.sun.javafx.application.PlatformImpl.lambda$runLater$10(Ljava/lang/Runnable;)Ljava/lang/Void;+1 javafx.graphics
j  com.sun.javafx.application.PlatformImpl$$Lambda$101+0x00000001000fd000.run()Ljava/lang/Object;+4 javafx.graphics
j  java.security.AccessController.executePrivileged(Ljava/security/PrivilegedAction;Ljava/security/AccessControlContext;Ljava/lang/Class;)Ljava/lang/Object;+29 java.base@17.0.3
j  java.security.AccessController.doPrivileged(Ljava/security/PrivilegedAction;Ljava/security/AccessControlContext;)Ljava/lang/Object;+13 java.base@17.0.3
j  com.sun.javafx.application.PlatformImpl.lambda$runLater$11(Ljava/lang/Runnable;Ljava/security/AccessControlContext;)V+7 javafx.graphics
j  com.sun.javafx.application.PlatformImpl$$Lambda$100+0x00000001000ffac8.run()V+8 javafx.graphics
j  com.sun.glass.ui.InvokeLaterDispatcher$Future.run()V+4 javafx.graphics
v  ~StubRoutines::call_stub
j  com.sun.glass.ui.win.WinApplication._runLoop(Ljava/lang/Runnable;)V+0 javafx.graphics
j  com.sun.glass.ui.win.WinApplication.lambda$runLoop$3(ILjava/lang/Runnable;)V+8 javafx.graphics
j  com.sun.glass.ui.win.WinApplication$$Lambda$89+0x00000001000eb960.run()V+12 javafx.graphics
j  java.lang.Thread.run()V+11 java.base@17.0.3
v  ~StubRoutines::call_stub

---------------  P R O C E S S  ---------------

Threads class SMR info:
_java_thread_list=0x000001a1f046ce20, length=17, elements={
0x000001a1d87ff0c0, 0x000001a1ef466020, 0x000001a1ef4675f0, 0x000001a1ef424ae0,
0x000001a1ef4386a0, 0x000001a1ef438f60, 0x000001a1ef439820, 0x000001a1ef43a410,
0x000001a1ef43c910, 0x000001a1f0011d70, 0x000001a1ef3bc5e0, 0x000001a1f03fe2e0,
0x000001a1f0296cc0, 0x000001a1f05fe350, 0x000001a1f0415030, 0x000001a1f02894d0,
0x000001a1f0678040
}

Java Threads: ( => current thread )
  0x000001a1d87ff0c0 JavaThread "main" [_thread_blocked, id=7744, stack(0x000000781e700000,0x000000781e800000)]
  0x000001a1ef466020 JavaThread "Reference Handler" daemon [_thread_blocked, id=8860, stack(0x000000781ee00000,0x000000781ef00000)]
  0x000001a1ef4675f0 JavaThread "Finalizer" daemon [_thread_blocked, id=104, stack(0x000000781ef00000,0x000000781f000000)]
  0x000001a1ef424ae0 JavaThread "Signal Dispatcher" daemon [_thread_blocked, id=7880, stack(0x000000781f000000,0x000000781f100000)]
  0x000001a1ef4386a0 JavaThread "Attach Listener" daemon [_thread_blocked, id=2560, stack(0x000000781f100000,0x000000781f200000)]
  0x000001a1ef438f60 JavaThread "Service Thread" daemon [_thread_blocked, id=5044, stack(0x000000781f200000,0x000000781f300000)]
  0x000001a1ef439820 JavaThread "Monitor Deflation Thread" daemon [_thread_blocked, id=5420, stack(0x000000781f300000,0x000000781f400000)]
  0x000001a1ef43a410 JavaThread "C2 CompilerThread0" daemon [_thread_blocked, id=1544, stack(0x000000781f400000,0x000000781f500000)]
  0x000001a1ef43c910 JavaThread "C1 CompilerThread0" daemon [_thread_blocked, id=6952, stack(0x000000781f500000,0x000000781f600000)]
  0x000001a1f0011d70 JavaThread "Sweeper thread" daemon [_thread_blocked, id=5076, stack(0x000000781f600000,0x000000781f700000)]
  0x000001a1ef3bc5e0 JavaThread "Common-Cleaner" daemon [_thread_blocked, id=1940, stack(0x000000781f700000,0x000000781f800000)]
  0x000001a1f03fe2e0 JavaThread "Notification Thread" daemon [_thread_blocked, id=8908, stack(0x000000781f900000,0x000000781fa00000)]
  0x000001a1f0296cc0 JavaThread "QuantumRenderer-0" daemon [_thread_blocked, id=3912, stack(0x000000781fb00000,0x000000781fc00000)]
  0x000001a1f05fe350 JavaThread "InvokeLaterDispatcher" daemon [_thread_blocked, id=3744, stack(0x000000781fc00000,0x000000781fd00000)]
=>0x000001a1f0415030 JavaThread "JavaFX Application Thread" [_thread_in_vm, id=7052, stack(0x000000781fd00000,0x000000781fe00000)]
  0x000001a1f02894d0 JavaThread "Thread-1" daemon [_thread_blocked, id=8872, stack(0x000000781fe00000,0x000000781ff00000)]
  0x000001a1f0678040 JavaThread "JavaFX-Launcher" [_thread_blocked, id=6292, stack(0x000000781ff00000,0x0000007820000000)]

Other Threads:
  0x000001a1ef450020 VMThread "VM Thread" [stack: 0x000000781ed00000,0x000000781ee00000] [id=2632] _threads_hazard_ptr=0x000001a1f046ce20
  0x000001a1f05b69e0 WatcherThread [stack: 0x000000781fa00000,0x000000781fb00000] [id=5520]
  0x000001a1d883af00 GCTaskThread "GC Thread#0" [stack: 0x000000781e800000,0x000000781e900000] [id=2356]
  0x000001a1f09e1890 GCTaskThread "GC Thread#1" [stack: 0x000000781f800000,0x000000781f900000] [id=6568]
  0x000001a1d8843e40 ConcurrentGCThread "G1 Main Marker" [stack: 0x000000781e900000,0x000000781ea00000] [id=4768]
  0x000001a1d8845150 ConcurrentGCThread "G1 Conc#0" [stack: 0x000000781ea00000,0x000000781eb00000] [id=1980]
  0x000001a1d8889c40 ConcurrentGCThread "G1 Refine#0" [stack: 0x000000781eb00000,0x000000781ec00000] [id=3252]
  0x000001a1d888af60 ConcurrentGCThread "G1 Service" [stack: 0x000000781ec00000,0x000000781ed00000] [id=1856]

Threads with active compile tasks:

VM state: synchronizing (normal execution)

VM Mutex/Monitor currently owned by a thread:  ([mutex/lock_event])
[0x000001a1d87f8b90] Metaspace_lock - owner thread: 0x000001a1f0415030
[0x000001a1d87f98d0] Threads_lock - owner thread: 0x000001a1ef450020
[0x000001a1d87faec0] MultiArray_lock - owner thread: 0x000001a1f0415030

Heap address: 0x00000000c0000000, size: 1024 MB, Compressed Oops mode: 32-bit

CDS archive(s) not mapped
Compressed class space mapped at: 0x0000000100000000-0x0000000140000000, reserved size: 1073741824
Narrow klass base: 0x0000000000000000, Narrow klass shift: 3, Narrow klass range: 0x140000000

GC Precious Log:
 CPUs: 2 total, 2 available
 Memory: 4094M
 Large Page Support: Disabled
 NUMA Support: Disabled
 Compressed Oops: Enabled (32-bit)
 Heap Region Size: 1M
 Heap Min Capacity: 8M
 Heap Initial Capacity: 64M
 Heap Max Capacity: 1G
 Pre-touch: Disabled
 Parallel Workers: 2
 Concurrent Workers: 1
 Concurrent Refinement Workers: 2
 Periodic GC: Disabled

Heap:
 garbage-first heap   total 65536K, used 10448K [0x00000000c0000000, 0x0000000100000000)
  region size 1024K, 10 young (10240K), 2 survivors (2048K)
 Metaspace       used 15870K, committed 16000K, reserved 1064960K
  class space    used 1809K, committed 1856K, reserved 1048576K

Heap Regions: E=young(eden), S=young(survivor), O=old, HS=humongous(starts), HC=humongous(continues), CS=collection set, F=free, OA=open archive, CA=closed archive, TAMS=top-at-mark-start (previous, next)
|   0|0x00000000c0000000, 0x00000000c0100000, 0x00000000c0100000|100%| O|  |TAMS 0x00000000c0000000, 0x00000000c0000000| Untracked 
|   1|0x00000000c0100000, 0x00000000c0134000, 0x00000000c0200000| 20%| O|  |TAMS 0x00000000c0100000, 0x00000000c0100000| Untracked 
|   2|0x00000000c0200000, 0x00000000c0200000, 0x00000000c0300000|  0%| F|  |TAMS 0x00000000c0200000, 0x00000000c0200000| Untracked 
|   3|0x00000000c0300000, 0x00000000c0300000, 0x00000000c0400000|  0%| F|  |TAMS 0x00000000c0300000, 0x00000000c0300000| Untracked 
|   4|0x00000000c0400000, 0x00000000c0400000, 0x00000000c0500000|  0%| F|  |TAMS 0x00000000c0400000, 0x00000000c0400000| Untracked 
|   5|0x00000000c0500000, 0x00000000c0500000, 0x00000000c0600000|  0%| F|  |TAMS 0x00000000c0500000, 0x00000000c0500000| Untracked 
|   6|0x00000000c0600000, 0x00000000c0600000, 0x00000000c0700000|  0%| F|  |TAMS 0x00000000c0600000, 0x00000000c0600000| Untracked 
|   7|0x00000000c0700000, 0x00000000c0700000, 0x00000000c0800000|  0%| F|  |TAMS 0x00000000c0700000, 0x00000000c0700000| Untracked 
|   8|0x00000000c0800000, 0x00000000c0800000, 0x00000000c0900000|  0%| F|  |TAMS 0x00000000c0800000, 0x00000000c0800000| Untracked 
|   9|0x00000000c0900000, 0x00000000c0900000, 0x00000000c0a00000|  0%| F|  |TAMS 0x00000000c0900000, 0x00000000c0900000| Untracked 
|  10|0x00000000c0a00000, 0x00000000c0a00000, 0x00000000c0b00000|  0%| F|  |TAMS 0x00000000c0a00000, 0x00000000c0a00000| Untracked 
|  11|0x00000000c0b00000, 0x00000000c0b00000, 0x00000000c0c00000|  0%| F|  |TAMS 0x00000000c0b00000, 0x00000000c0b00000| Untracked 
|  12|0x00000000c0c00000, 0x00000000c0c00000, 0x00000000c0d00000|  0%| F|  |TAMS 0x00000000c0c00000, 0x00000000c0c00000| Untracked 
|  13|0x00000000c0d00000, 0x00000000c0d00000, 0x00000000c0e00000|  0%| F|  |TAMS 0x00000000c0d00000, 0x00000000c0d00000| Untracked 
|  14|0x00000000c0e00000, 0x00000000c0e00000, 0x00000000c0f00000|  0%| F|  |TAMS 0x00000000c0e00000, 0x00000000c0e00000| Untracked 
|  15|0x00000000c0f00000, 0x00000000c0f00000, 0x00000000c1000000|  0%| F|  |TAMS 0x00000000c0f00000, 0x00000000c0f00000| Untracked 
|  16|0x00000000c1000000, 0x00000000c1000000, 0x00000000c1100000|  0%| F|  |TAMS 0x00000000c1000000, 0x00000000c1000000| Untracked 
|  17|0x00000000c1100000, 0x00000000c1100000, 0x00000000c1200000|  0%| F|  |TAMS 0x00000000c1100000, 0x00000000c1100000| Untracked 
|  18|0x00000000c1200000, 0x00000000c1200000, 0x00000000c1300000|  0%| F|  |TAMS 0x00000000c1200000, 0x00000000c1200000| Untracked 
|  19|0x00000000c1300000, 0x00000000c1300000, 0x00000000c1400000|  0%| F|  |TAMS 0x00000000c1300000, 0x00000000c1300000| Untracked 
|  20|0x00000000c1400000, 0x00000000c1400000, 0x00000000c1500000|  0%| F|  |TAMS 0x00000000c1400000, 0x00000000c1400000| Untracked 
|  21|0x00000000c1500000, 0x00000000c1500000, 0x00000000c1600000|  0%| F|  |TAMS 0x00000000c1500000, 0x00000000c1500000| Untracked 
|  22|0x00000000c1600000, 0x00000000c1600000, 0x00000000c1700000|  0%| F|  |TAMS 0x00000000c1600000, 0x00000000c1600000| Untracked 
|  23|0x00000000c1700000, 0x00000000c1700000, 0x00000000c1800000|  0%| F|  |TAMS 0x00000000c1700000, 0x00000000c1700000| Untracked 
|  24|0x00000000c1800000, 0x00000000c1800000, 0x00000000c1900000|  0%| F|  |TAMS 0x00000000c1800000, 0x00000000c1800000| Untracked 
|  25|0x00000000c1900000, 0x00000000c1900000, 0x00000000c1a00000|  0%| F|  |TAMS 0x00000000c1900000, 0x00000000c1900000| Untracked 
|  26|0x00000000c1a00000, 0x00000000c1a00000, 0x00000000c1b00000|  0%| F|  |TAMS 0x00000000c1a00000, 0x00000000c1a00000| Untracked 
|  27|0x00000000c1b00000, 0x00000000c1b00000, 0x00000000c1c00000|  0%| F|  |TAMS 0x00000000c1b00000, 0x00000000c1b00000| Untracked 
|  28|0x00000000c1c00000, 0x00000000c1c00000, 0x00000000c1d00000|  0%| F|  |TAMS 0x00000000c1c00000, 0x00000000c1c00000| Untracked 
|  29|0x00000000c1d00000, 0x00000000c1d00000, 0x00000000c1e00000|  0%| F|  |TAMS 0x00000000c1d00000, 0x00000000c1d00000| Untracked 
|  30|0x00000000c1e00000, 0x00000000c1e00000, 0x00000000c1f00000|  0%| F|  |TAMS 0x00000000c1e00000, 0x00000000c1e00000| Untracked 
|  31|0x00000000c1f00000, 0x00000000c1f00000, 0x00000000c2000000|  0%| F|  |TAMS 0x00000000c1f00000, 0x00000000c1f00000| Untracked 
|  32|0x00000000c2000000, 0x00000000c2000000, 0x00000000c2100000|  0%| F|  |TAMS 0x00000000c2000000, 0x00000000c2000000| Untracked 
|  33|0x00000000c2100000, 0x00000000c2100000, 0x00000000c2200000|  0%| F|  |TAMS 0x00000000c2100000, 0x00000000c2100000| Untracked 
|  34|0x00000000c2200000, 0x00000000c2200000, 0x00000000c2300000|  0%| F|  |TAMS 0x00000000c2200000, 0x00000000c2200000| Untracked 
|  35|0x00000000c2300000, 0x00000000c2300000, 0x00000000c2400000|  0%| F|  |TAMS 0x00000000c2300000, 0x00000000c2300000| Untracked 
|  36|0x00000000c2400000, 0x00000000c2400000, 0x00000000c2500000|  0%| F|  |TAMS 0x00000000c2400000, 0x00000000c2400000| Untracked 
|  37|0x00000000c2500000, 0x00000000c2500000, 0x00000000c2600000|  0%| F|  |TAMS 0x00000000c2500000, 0x00000000c2500000| Untracked 
|  38|0x00000000c2600000, 0x00000000c2600000, 0x00000000c2700000|  0%| F|  |TAMS 0x00000000c2600000, 0x00000000c2600000| Untracked 
|  39|0x00000000c2700000, 0x00000000c2700000, 0x00000000c2800000|  0%| F|  |TAMS 0x00000000c2700000, 0x00000000c2700000| Untracked 
|  40|0x00000000c2800000, 0x00000000c2800000, 0x00000000c2900000|  0%| F|  |TAMS 0x00000000c2800000, 0x00000000c2800000| Untracked 
|  41|0x00000000c2900000, 0x00000000c2900000, 0x00000000c2a00000|  0%| F|  |TAMS 0x00000000c2900000, 0x00000000c2900000| Untracked 
|  42|0x00000000c2a00000, 0x00000000c2a00000, 0x00000000c2b00000|  0%| F|  |TAMS 0x00000000c2a00000, 0x00000000c2a00000| Untracked 
|  43|0x00000000c2b00000, 0x00000000c2b00000, 0x00000000c2c00000|  0%| F|  |TAMS 0x00000000c2b00000, 0x00000000c2b00000| Untracked 
|  44|0x00000000c2c00000, 0x00000000c2c00000, 0x00000000c2d00000|  0%| F|  |TAMS 0x00000000c2c00000, 0x00000000c2c00000| Untracked 
|  45|0x00000000c2d00000, 0x00000000c2d00000, 0x00000000c2e00000|  0%| F|  |TAMS 0x00000000c2d00000, 0x00000000c2d00000| Untracked 
|  46|0x00000000c2e00000, 0x00000000c2e00000, 0x00000000c2f00000|  0%| F|  |TAMS 0x00000000c2e00000, 0x00000000c2e00000| Untracked 
|  47|0x00000000c2f00000, 0x00000000c2f00000, 0x00000000c3000000|  0%| F|  |TAMS 0x00000000c2f00000, 0x00000000c2f00000| Untracked 
|  48|0x00000000c3000000, 0x00000000c3000000, 0x00000000c3100000|  0%| F|  |TAMS 0x00000000c3000000, 0x00000000c3000000| Untracked 
|  49|0x00000000c3100000, 0x00000000c3100000, 0x00000000c3200000|  0%| F|  |TAMS 0x00000000c3100000, 0x00000000c3100000| Untracked 
|  50|0x00000000c3200000, 0x00000000c3300000, 0x00000000c3300000|100%| S|CS|TAMS 0x00000000c3200000, 0x00000000c3200000| Complete 
|  51|0x00000000c3300000, 0x00000000c3400000, 0x00000000c3400000|100%| S|CS|TAMS 0x00000000c3300000, 0x00000000c3300000| Complete 
|  52|0x00000000c3400000, 0x00000000c3400000, 0x00000000c3500000|  0%| F|  |TAMS 0x00000000c3400000, 0x00000000c3400000| Untracked 
|  53|0x00000000c3500000, 0x00000000c3500000, 0x00000000c3600000|  0%| F|  |TAMS 0x00000000c3500000, 0x00000000c3500000| Untracked 
|  54|0x00000000c3600000, 0x00000000c3600000, 0x00000000c3700000|  0%| F|  |TAMS 0x00000000c3600000, 0x00000000c3600000| Untracked 
|  55|0x00000000c3700000, 0x00000000c3700000, 0x00000000c3800000|  0%| F|  |TAMS 0x00000000c3700000, 0x00000000c3700000| Untracked 
|  56|0x00000000c3800000, 0x00000000c389e430, 0x00000000c3900000| 61%| E|  |TAMS 0x00000000c3800000, 0x00000000c3800000| Complete 
|  57|0x00000000c3900000, 0x00000000c3a00000, 0x00000000c3a00000|100%| E|CS|TAMS 0x00000000c3900000, 0x00000000c3900000| Complete 
|  58|0x00000000c3a00000, 0x00000000c3b00000, 0x00000000c3b00000|100%| E|CS|TAMS 0x00000000c3a00000, 0x00000000c3a00000| Complete 
|  59|0x00000000c3b00000, 0x00000000c3c00000, 0x00000000c3c00000|100%| E|CS|TAMS 0x00000000c3b00000, 0x00000000c3b00000| Complete 
|  60|0x00000000c3c00000, 0x00000000c3d00000, 0x00000000c3d00000|100%| E|CS|TAMS 0x00000000c3c00000, 0x00000000c3c00000| Complete 
|  61|0x00000000c3d00000, 0x00000000c3e00000, 0x00000000c3e00000|100%| E|CS|TAMS 0x00000000c3d00000, 0x00000000c3d00000| Complete 
|  62|0x00000000c3e00000, 0x00000000c3f00000, 0x00000000c3f00000|100%| E|CS|TAMS 0x00000000c3e00000, 0x00000000c3e00000| Complete 
|  63|0x00000000c3f00000, 0x00000000c4000000, 0x00000000c4000000|100%| E|CS|TAMS 0x00000000c3f00000, 0x00000000c3f00000| Complete 

Card table byte_map: [0x000001a1d85e0000,0x000001a1d87e0000] _byte_map_base: 0x000001a1d7fe0000

Marking Bits (Prev, Next): (CMBitMap*) 0x000001a1d883b510, (CMBitMap*) 0x000001a1d883b550
 Prev Bits: [0x000001a1eb0c0000, 0x000001a1ec0c0000)
 Next Bits: [0x000001a1ec0c0000, 0x000001a1ed0c0000)

Polling page: 0x000001a1d67c0000

Metaspace:

Usage:
  Non-class:     13.73 MB used.
      Class:      1.77 MB used.
       Both:     15.50 MB used.

Virtual space:
  Non-class space:       16.00 MB reserved,      13.81 MB ( 86%) committed,  2 nodes.
      Class space:        1.00 GB reserved,       1.81 MB ( <1%) committed,  1 nodes.
             Both:        1.02 GB reserved,      15.62 MB (  2%) committed. 

Chunk freelists:
   Non-Class:  1.88 MB
       Class:  2.11 MB
        Both:  3.98 MB

MaxMetaspaceSize: unlimited
CompressedClassSpaceSize: 1.00 GB
Initial GC threshold: 21.00 MB
Current GC threshold: 21.00 MB
CDS: off
MetaspaceReclaimPolicy: balanced
 - commit_granule_bytes: 65536.
 - commit_granule_words: 8192.
 - virtual_space_node_default_size: 1048576.
 - enlarge_chunks_in_place: 1.
 - new_chunks_are_fully_committed: 0.
 - uncommit_free_chunks: 1.
 - use_allocation_guard: 0.
 - handle_deallocations: 1.


Internal statistics:

num_allocs_failed_limit: 0.
num_arena_births: 122.
num_arena_deaths: 0.
num_vsnodes_births: 3.
num_vsnodes_deaths: 0.
num_space_committed: 250.
num_space_uncommitted: 0.
num_chunks_returned_to_freelist: 0.
num_chunks_taken_from_freelist: 396.
num_chunk_merges: 0.
num_chunk_splits: 260.
num_chunks_enlarged: 201.
num_purges: 0.
num_inconsistent_stats: 0.

CodeHeap 'non-profiled nmethods': size=120064Kb used=471Kb max_used=471Kb free=119592Kb
 bounds [0x000001a1e3980000, 0x000001a1e3bf0000, 0x000001a1eaec0000]
CodeHeap 'profiled nmethods': size=120000Kb used=1820Kb max_used=1820Kb free=118179Kb
 bounds [0x000001a1dc450000, 0x000001a1dc6c0000, 0x000001a1e3980000]
CodeHeap 'non-nmethods': size=5696Kb used=1272Kb max_used=1396Kb free=4423Kb
 bounds [0x000001a1dbec0000, 0x000001a1dc130000, 0x000001a1dc450000]
 total_blobs=1668 nmethods=1084 adapters=497
 compilation: enabled
              stopped_count=0, restarted_count=0
 full_count=0

Compilation events (20 events):
Event: 39.859 Thread 0x000001a1ef43c910 1079       3       java.util.Arrays::hashCode (56 bytes)
Event: 39.859 Thread 0x000001a1ef43c910 nmethod 1079 0x000001a1dc612290 code [0x000001a1dc612440, 0x000001a1dc6127a8]
Event: 39.860 Thread 0x000001a1ef43c910 1080       3       java.lang.invoke.LambdaFormEditor$TransformKey::inRange (36 bytes)
Event: 39.860 Thread 0x000001a1ef43c910 nmethod 1080 0x000001a1dc612910 code [0x000001a1dc612aa0, 0x000001a1dc612bf8]
Event: 39.862 Thread 0x000001a1ef43c910 1081       3       java.util.Properties::loadConvert (540 bytes)
Event: 39.863 Thread 0x000001a1ef43c910 nmethod 1081 0x000001a1dc612c90 code [0x000001a1dc612f80, 0x000001a1dc614398]
Event: 39.866 Thread 0x000001a1ef43c910 1082       3       java.lang.invoke.MemberName::<init> (139 bytes)
Event: 39.867 Thread 0x000001a1ef43c910 nmethod 1082 0x000001a1dc614a10 code [0x000001a1dc614d40, 0x000001a1dc615f38]
Event: 39.873 Thread 0x000001a1ef43c910 1083       3       com.sun.javafx.css.StyleClassSet::containsAll (6 bytes)
Event: 39.873 Thread 0x000001a1ef43c910 nmethod 1083 0x000001a1dc616490 code [0x000001a1dc616620, 0x000001a1dc616768]
Event: 39.874 Thread 0x000001a1ef43c910 1084       1       javafx.css.Selector::getOrdinal (5 bytes)
Event: 39.874 Thread 0x000001a1ef43c910 nmethod 1084 0x000001a1e39f4390 code [0x000001a1e39f4520, 0x000001a1e39f45f8]
Event: 39.874 Thread 0x000001a1ef43a410 1085   !   4       java.util.zip.Inflater::inflate (418 bytes)
Event: 39.880 Thread 0x000001a1ef43a410 nmethod 1085 0x000001a1e39f4690 code [0x000001a1e39f4840, 0x000001a1e39f4f78]
Event: 39.881 Thread 0x000001a1ef43c910 1086       3       com.sun.javafx.css.StyleClassSet::<init> (5 bytes)
Event: 39.881 Thread 0x000001a1ef43c910 nmethod 1086 0x000001a1dc616810 code [0x000001a1dc6169c0, 0x000001a1dc616bf8]
Event: 39.882 Thread 0x000001a1ef43c910 1087       3       javafx.beans.property.ObjectPropertyBase::get (29 bytes)
Event: 39.882 Thread 0x000001a1ef43c910 nmethod 1087 0x000001a1dc616d10 code [0x000001a1dc616ec0, 0x000001a1dc6170e8]
Event: 39.892 Thread 0x000001a1ef43a410 1088       4       java.lang.String::substring (58 bytes)
Event: 39.897 Thread 0x000001a1ef43a410 nmethod 1088 0x000001a1e39f5610 code [0x000001a1e39f57a0, 0x000001a1e39f5d38]

GC Heap History (6 events):
Event: 8.076 GC heap before
{Heap before GC invocations=0 (full 0):
 garbage-first heap   total 65536K, used 6144K [0x00000000c0000000, 0x0000000100000000)
  region size 1024K, 6 young (6144K), 0 survivors (0K)
 Metaspace       used 6439K, committed 6528K, reserved 1056768K
  class space    used 568K, committed 576K, reserved 1048576K
}
Event: 9.522 GC heap after
{Heap after GC invocations=1 (full 0):
 garbage-first heap   total 65536K, used 728K [0x00000000c0000000, 0x0000000100000000)
  region size 1024K, 1 young (1024K), 1 survivors (1024K)
 Metaspace       used 6439K, committed 6528K, reserved 1056768K
  class space    used 568K, committed 576K, reserved 1048576K
}
Event: 21.610 GC heap before
{Heap before GC invocations=1 (full 0):
 garbage-first heap   total 65536K, used 6872K [0x00000000c0000000, 0x0000000100000000)
  region size 1024K, 8 young (8192K), 1 survivors (1024K)
 Metaspace       used 9405K, committed 9536K, reserved 1064960K
  class space    used 892K, committed 960K, reserved 1048576K
}
Event: 21.627 GC heap after
{Heap after GC invocations=2 (full 0):
 garbage-first heap   total 65536K, used 1677K [0x00000000c0000000, 0x0000000100000000)
  region size 1024K, 1 young (1024K), 1 survivors (1024K)
 Metaspace       used 9405K, committed 9536K, reserved 1064960K
  class space    used 892K, committed 960K, reserved 1048576K
}
Event: 35.253 GC heap before
{Heap before GC invocations=2 (full 0):
 garbage-first heap   total 65536K, used 11917K [0x00000000c0000000, 0x0000000100000000)
  region size 1024K, 12 young (12288K), 1 survivors (1024K)
 Metaspace       used 13767K, committed 13952K, reserved 1064960K
  class space    used 1486K, committed 1600K, reserved 1048576K
}
Event: 35.258 GC heap after
{Heap after GC invocations=3 (full 0):
 garbage-first heap   total 65536K, used 3280K [0x00000000c0000000, 0x0000000100000000)
  region size 1024K, 2 young (2048K), 2 survivors (2048K)
 Metaspace       used 13767K, committed 13952K, reserved 1064960K
  class space    used 1486K, committed 1600K, reserved 1048576K
}

Deoptimization events (20 events):
Event: 35.726 Thread 0x000001a1f0415030 Uncommon trap: trap_request=0xffffffde fr.pc=0x000001a1e39cfa50 relative=0x0000000000000410
Event: 35.726 Thread 0x000001a1f0415030 Uncommon trap: reason=class_check action=maybe_recompile pc=0x000001a1e39cfa50 method=java.util.HashMap.getNode(Ljava/lang/Object;)Ljava/util/HashMap$Node; @ 128 c2
Event: 35.726 Thread 0x000001a1f0415030 DEOPT PACKING pc=0x000001a1e39cfa50 sp=0x000000781fdfd060
Event: 35.726 Thread 0x000001a1f0415030 DEOPT UNPACKING pc=0x000001a1dbf15c23 sp=0x000000781fdfcfd8 mode 2
Event: 35.726 Thread 0x000001a1f0415030 Uncommon trap: trap_request=0xffffffde fr.pc=0x000001a1e39cfa50 relative=0x0000000000000410
Event: 35.726 Thread 0x000001a1f0415030 Uncommon trap: reason=class_check action=maybe_recompile pc=0x000001a1e39cfa50 method=java.util.HashMap.getNode(Ljava/lang/Object;)Ljava/util/HashMap$Node; @ 128 c2
Event: 35.726 Thread 0x000001a1f0415030 DEOPT PACKING pc=0x000001a1e39cfa50 sp=0x000000781fdfd060
Event: 35.726 Thread 0x000001a1f0415030 DEOPT UNPACKING pc=0x000001a1dbf15c23 sp=0x000000781fdfcfd8 mode 2
Event: 35.726 Thread 0x000001a1f0415030 Uncommon trap: trap_request=0xffffffde fr.pc=0x000001a1e39cfa50 relative=0x0000000000000410
Event: 35.726 Thread 0x000001a1f0415030 Uncommon trap: reason=class_check action=maybe_recompile pc=0x000001a1e39cfa50 method=java.util.HashMap.getNode(Ljava/lang/Object;)Ljava/util/HashMap$Node; @ 128 c2
Event: 35.726 Thread 0x000001a1f0415030 DEOPT PACKING pc=0x000001a1e39cfa50 sp=0x000000781fdfd060
Event: 35.726 Thread 0x000001a1f0415030 DEOPT UNPACKING pc=0x000001a1dbf15c23 sp=0x000000781fdfcfd8 mode 2
Event: 35.726 Thread 0x000001a1f0415030 Uncommon trap: trap_request=0xffffff45 fr.pc=0x000001a1e39a4f80 relative=0x0000000000000700
Event: 35.726 Thread 0x000001a1f0415030 Uncommon trap: reason=unstable_if action=reinterpret pc=0x000001a1e39a4f80 method=java.util.HashMap.putVal(ILjava/lang/Object;Ljava/lang/Object;ZZ)Ljava/lang/Object; @ 162 c2
Event: 35.726 Thread 0x000001a1f0415030 DEOPT PACKING pc=0x000001a1e39a4f80 sp=0x000000781fdfcf90
Event: 35.726 Thread 0x000001a1f0415030 DEOPT UNPACKING pc=0x000001a1dbf15c23 sp=0x000000781fdfcf30 mode 2
Event: 39.873 Thread 0x000001a1f0415030 Uncommon trap: trap_request=0xffffff45 fr.pc=0x000001a1e39a6c04 relative=0x00000000000000e4
Event: 39.873 Thread 0x000001a1f0415030 Uncommon trap: reason=unstable_if action=reinterpret pc=0x000001a1e39a6c04 method=java.util.HashMap.hash(Ljava/lang/Object;)I @ 1 c2
Event: 39.873 Thread 0x000001a1f0415030 DEOPT PACKING pc=0x000001a1e39a6c04 sp=0x000000781fdfdcb0
Event: 39.873 Thread 0x000001a1f0415030 DEOPT UNPACKING pc=0x000001a1dbf15c23 sp=0x000000781fdfdbf0 mode 2

Classes unloaded (0 events):
No events

Classes redefined (0 events):
No events

Internal exceptions (19 events):
Event: 5.407 Thread 0x000001a1d87ff0c0 Exception <a 'java/lang/NoSuchMethodError'{0x00000000c3feb800}: 'void java.lang.invoke.DirectMethodHandle$Holder.invokeVirtual(java.lang.Object, java.lang.Object)'> (0x00000000c3feb800) 
thrown [e:\jenkins\tmp\workspace\build\src\src\hotspot\share\interpreter\linkResolver.cpp, line 766]
Event: 11.277 Thread 0x000001a1d87ff0c0 Exception <a 'java/lang/NoSuchMethodError'{0x00000000c3e078c8}: 'java.lang.Object java.lang.invoke.DirectMethodHandle$Holder.invokeStaticInit(java.lang.Object)'> (0x00000000c3e078c8) 
thrown [e:\jenkins\tmp\workspace\build\src\src\hotspot\share\interpreter\linkResolver.cpp, line 766]
Event: 11.280 Thread 0x000001a1d87ff0c0 Exception <a 'java/lang/NoSuchMethodError'{0x00000000c3e14cf8}: 'void java.lang.invoke.DirectMethodHandle$Holder.invokeStatic(java.lang.Object, java.lang.Object)'> (0x00000000c3e14cf8) 
thrown [e:\jenkins\tmp\workspace\build\src\src\hotspot\share\interpreter\linkResolver.cpp, line 766]
Event: 16.414 Thread 0x000001a1d87ff0c0 Exception <a 'java/lang/NoSuchMethodError'{0x00000000c3b30970}: 'void java.lang.invoke.DirectMethodHandle$Holder.invokeSpecial(java.lang.Object, java.lang.Object, java.lang.Object)'> (0x00000000c3b30970) 
thrown [e:\jenkins\tmp\workspace\build\src\src\hotspot\share\interpreter\linkResolver.cpp, line 766]
Event: 16.425 Thread 0x000001a1d87ff0c0 Exception <a 'java/lang/NoSuchMethodError'{0x00000000c3b677a0}: 'void java.lang.invoke.DirectMethodHandle$Holder.invokeStatic(java.lang.Object, java.lang.Object, java.lang.Object)'> (0x00000000c3b677a0) 
thrown [e:\jenkins\tmp\workspace\build\src\src\hotspot\share\interpreter\linkResolver.cpp, line 766]
Event: 18.078 Thread 0x000001a1d87ff0c0 Exception <a 'java/lang/NoSuchMethodError'{0x00000000c3bf1e50}: 'int java.lang.invoke.DirectMethodHandle$Holder.invokeStaticInit(java.lang.Object, java.lang.Object, java.lang.Object)'> (0x00000000c3bf1e50) 
thrown [e:\jenkins\tmp\workspace\build\src\src\hotspot\share\interpreter\linkResolver.cpp, line 766]
Event: 18.188 Thread 0x000001a1d87ff0c0 Exception <a 'java/lang/NoSuchMethodError'{0x00000000c3aa8da8}: 'java.lang.Object java.lang.invoke.DirectMethodHandle$Holder.newInvokeSpecial(java.lang.Object, java.lang.Object, int, java.lang.Object)'> (0x00000000c3aa8da8) 
thrown [e:\jenkins\tmp\workspace\build\src\src\hotspot\share\interpreter\linkResolver.cpp, line 766]
Event: 18.188 Thread 0x000001a1d87ff0c0 Exception <a 'java/lang/NoSuchMethodError'{0x00000000c3aad3f8}: 'java.lang.Object java.lang.invoke.DirectMethodHandle$Holder.invokeSpecial(java.lang.Object, java.lang.Object, java.lang.Object, int, java.lang.Object)'> (0x00000000c3aad3f8) 
thrown [e:\jenkins\tmp\workspace\build\src\src\hotspot\share\interpreter\linkResolver.cpp, line 766]
Event: 21.656 Thread 0x000001a1f0415030 Exception <a 'java/lang/NoSuchMethodError'{0x00000000c3e2b3e0}: 'void java.lang.invoke.DirectMethodHandle$Holder.invokeStaticInit(java.lang.Object)'> (0x00000000c3e2b3e0) 
thrown [e:\jenkins\tmp\workspace\build\src\src\hotspot\share\interpreter\linkResolver.cpp, line 766]
Event: 21.855 Thread 0x000001a1d87ff0c0 Exception <a 'java/lang/NoSuchMethodError'{0x00000000c3e782c0}: 'java.lang.Object java.lang.invoke.DirectMethodHandle$Holder.newInvokeSpecial(java.lang.Object, java.lang.Object, java.lang.Object, java.lang.Object, java.lang.Object, java.lang.Object)'> (0x00000000c3e782c0) 
thrown [e:\jenkins\tmp\workspace\build\src\src\hotspot\share\interpreter\linkResolver.cpp, line 766]
Event: 26.404 Thread 0x000001a1d87ff0c0 Exception <a 'java/lang/NoSuchMethodError'{0x00000000c3efd268}: 'java.lang.Object java.lang.invoke.DirectMethodHandle$Holder.newInvokeSpecial(java.lang.Object, java.lang.Object, java.lang.Object, java.lang.Object, java.lang.Object)'> (0x00000000c3efd268) 
thrown [e:\jenkins\tmp\workspace\build\src\src\hotspot\share\interpreter\linkResolver.cpp, line 766]
Event: 28.343 Thread 0x000001a1f0678040 Exception <a 'java/lang/NoSuchMethodError'{0x00000000c3d369e0}: 'void java.lang.invoke.DirectMethodHandle$Holder.invokeStatic(java.lang.Object, java.lang.Object, java.lang.Object, java.lang.Object)'> (0x00000000c3d369e0) 
thrown [e:\jenkins\tmp\workspace\build\src\src\hotspot\share\interpreter\linkResolver.cpp, line 766]
Event: 32.138 Thread 0x000001a1f0415030 Exception <a 'sun/nio/fs/WindowsException'{0x00000000c3b62538}> (0x00000000c3b62538) 
thrown [e:\jenkins\tmp\workspace\build\src\src\hotspot\share\prims\jni.cpp, line 516]
Event: 33.434 Thread 0x000001a1f0415030 Exception <a 'java/lang/NoSuchMethodError'{0x00000000c3803ef8}: 'java.lang.Object java.lang.invoke.DirectMethodHandle$Holder.invokeStaticInit(java.lang.Object, java.lang.Object, java.lang.Object, java.lang.Object)'> (0x00000000c3803ef8) 
thrown [e:\jenkins\tmp\workspace\build\src\src\hotspot\share\interpreter\linkResolver.cpp, line 766]
Event: 33.435 Thread 0x000001a1f0415030 Exception <a 'java/lang/NullPointerException'{0x00000000c380fd50}> (0x00000000c380fd50) 
thrown [e:\jenkins\tmp\workspace\build\src\src\hotspot\share\interpreter\linkResolver.cpp, line 1357]
Event: 33.441 Thread 0x000001a1f0415030 Exception <a 'java/lang/NoSuchMethodError'{0x00000000c383a8e0}: 'void java.lang.invoke.DirectMethodHandle$Holder.invokeSpecial(java.lang.Object, java.lang.Object, java.lang.Object, java.lang.Object, java.lang.Object)'> (0x00000000c383a8e0) 
thrown [e:\jenkins\tmp\workspace\build\src\src\hotspot\share\interpreter\linkResolver.cpp, line 766]
Event: 37.433 Thread 0x000001a1f0415030 Exception <a 'java/lang/NoSuchMethodError'{0x00000000c3c872d8}: 'void java.lang.invoke.DirectMethodHandle$Holder.invokeStaticInit(java.lang.Object, java.lang.Object)'> (0x00000000c3c872d8) 
thrown [e:\jenkins\tmp\workspace\build\src\src\hotspot\share\interpreter\linkResolver.cpp, line 766]
Event: 39.753 Thread 0x000001a1f0415030 Exception <a 'sun/nio/fs/WindowsException'{0x00000000c39a6188}> (0x00000000c39a6188) 
thrown [e:\jenkins\tmp\workspace\build\src\src\hotspot\share\prims\jni.cpp, line 516]
Event: 39.873 Thread 0x000001a1f0415030 Implicit null exception at 0x000001a1e39a6b60 to 0x000001a1e39a6bfa

VM Operations (20 events):
Event: 21.610 Executing VM operation: G1CollectForAllocation
Event: 21.627 Executing VM operation: G1CollectForAllocation done
Event: 22.661 Executing VM operation: Cleanup
Event: 26.386 Executing VM operation: Cleanup done
Event: 27.398 Executing VM operation: Cleanup
Event: 28.347 Executing VM operation: Cleanup done
Event: 30.397 Executing VM operation: Cleanup
Event: 30.397 Executing VM operation: Cleanup done
Event: 32.425 Executing VM operation: Cleanup
Event: 32.904 Executing VM operation: Cleanup done
Event: 33.919 Executing VM operation: Cleanup
Event: 34.826 Executing VM operation: Cleanup done
Event: 35.119 Executing VM operation: HandshakeAllThreads
Event: 35.119 Executing VM operation: HandshakeAllThreads done
Event: 35.252 Executing VM operation: G1CollectForAllocation
Event: 35.258 Executing VM operation: G1CollectForAllocation done
Event: 36.260 Executing VM operation: Cleanup
Event: 37.445 Executing VM operation: Cleanup done
Event: 38.458 Executing VM operation: Cleanup
Event: 39.299 Executing VM operation: Cleanup done

Events (20 events):
Event: 39.864 loading class java/util/Collections$SynchronizedSet
Event: 39.864 loading class java/util/Collections$SynchronizedCollection
Event: 39.864 loading class java/util/Collections$SynchronizedCollection done
Event: 39.864 loading class java/util/Collections$SynchronizedSet done
Event: 39.864 loading class java/util/concurrent/ConcurrentHashMap$EntryIterator
Event: 39.864 loading class java/util/concurrent/ConcurrentHashMap$EntryIterator done
Event: 39.864 loading class java/util/concurrent/ConcurrentHashMap$MapEntry
Event: 39.865 loading class java/util/concurrent/ConcurrentHashMap$MapEntry done
Event: 39.865 loading class java/util/Hashtable$Enumerator
Event: 39.865 loading class java/util/Hashtable$Enumerator done
Event: 39.865 loading class java/util/ArrayList$ArrayListSpliterator
Event: 39.866 loading class java/util/ArrayList$ArrayListSpliterator done
Event: 39.867 loading class java/util/IdentityHashMap$Values
Event: 39.868 loading class java/util/IdentityHashMap$Values done
Event: 39.868 loading class java/util/logging/LogManager$4
Event: 39.868 loading class java/util/logging/LogManager$4 done
Event: 39.868 loading class sun/util/logging/internal/LoggingProviderImpl$JULWrapper
Event: 39.868 loading class sun/util/logging/PlatformLogger$ConfigurableBridge$LoggerConfiguration
Event: 39.869 loading class sun/util/logging/PlatformLogger$ConfigurableBridge$LoggerConfiguration done
Event: 39.869 loading class sun/util/logging/internal/LoggingProviderImpl$JULWrapper done


Dynamic libraries:
0x00007ff795300000 - 0x00007ff79530e000 	C:\Program Files\Eclipse\plugins\org.eclipse.justj.openjdk.hotspot.jre.full.win32.x86_64_17.0.3.v20220515-1416\jre\bin\javaw.exe
0x00007ffdfe7c0000 - 0x00007ffdfe9c9000 	C:\Windows\SYSTEM32\ntdll.dll
0x00007ffdfd0a0000 - 0x00007ffdfd15e000 	C:\Windows\System32\KERNEL32.DLL
0x00007ffdfbdb0000 - 0x00007ffdfc12c000 	C:\Windows\System32\KERNELBASE.dll
0x00007ffdfbc90000 - 0x00007ffdfbda1000 	C:\Windows\System32\ucrtbase.dll
0x00007ffdc80f0000 - 0x00007ffdc8109000 	C:\Program Files\Eclipse\plugins\org.eclipse.justj.openjdk.hotspot.jre.full.win32.x86_64_17.0.3.v20220515-1416\jre\bin\VCRUNTIME140.dll
0x00007ffdf34a0000 - 0x00007ffdf34b8000 	C:\Program Files\Eclipse\plugins\org.eclipse.justj.openjdk.hotspot.jre.full.win32.x86_64_17.0.3.v20220515-1416\jre\bin\jli.dll
0x00007ffdfd210000 - 0x00007ffdfd3bd000 	C:\Windows\System32\USER32.dll
0x00007ffdfc5a0000 - 0x00007ffdfc5c6000 	C:\Windows\System32\win32u.dll
0x00007ffdfcee0000 - 0x00007ffdfcf09000 	C:\Windows\System32\GDI32.dll
0x00007ffdfc2a0000 - 0x00007ffdfc3b8000 	C:\Windows\System32\gdi32full.dll
0x00007ffdfc440000 - 0x00007ffdfc4dd000 	C:\Windows\System32\msvcp_win.dll
0x00007ffdd64e0000 - 0x00007ffdd6785000 	C:\Windows\WinSxS\amd64_microsoft.windows.common-controls_6595b64144ccf1df_6.0.22000.120_none_9d947278b86cc467\COMCTL32.dll
0x00007ffdfd160000 - 0x00007ffdfd203000 	C:\Windows\System32\msvcrt.dll
0x00007ffdfc770000 - 0x00007ffdfc7a2000 	C:\Windows\System32\IMM32.DLL
0x00007ffde8f60000 - 0x00007ffde8f6c000 	C:\Program Files\Eclipse\plugins\org.eclipse.justj.openjdk.hotspot.jre.full.win32.x86_64_17.0.3.v20220515-1416\jre\bin\vcruntime140_1.dll
0x00007ffdde2b0000 - 0x00007ffdde341000 	C:\Program Files\Eclipse\plugins\org.eclipse.justj.openjdk.hotspot.jre.full.win32.x86_64_17.0.3.v20220515-1416\jre\bin\msvcp140.dll
0x00007ffdc8110000 - 0x00007ffdc8d58000 	C:\Program Files\Eclipse\plugins\org.eclipse.justj.openjdk.hotspot.jre.full.win32.x86_64_17.0.3.v20220515-1416\jre\bin\server\jvm.dll
0x00007ffdfd3c0000 - 0x00007ffdfd46e000 	C:\Windows\System32\ADVAPI32.dll
0x00007ffdfe4c0000 - 0x00007ffdfe55e000 	C:\Windows\System32\sechost.dll
0x00007ffdfcf10000 - 0x00007ffdfd030000 	C:\Windows\System32\RPCRT4.dll
0x00007ffdfcd10000 - 0x00007ffdfcd18000 	C:\Windows\System32\PSAPI.DLL
0x00007ffde8f70000 - 0x00007ffde8f79000 	C:\Windows\SYSTEM32\WSOCK32.dll
0x00007ffdfe450000 - 0x00007ffdfe4bf000 	C:\Windows\System32\WS2_32.dll
0x00007ffdf5600000 - 0x00007ffdf5633000 	C:\Windows\SYSTEM32\WINMM.dll
0x00007ffdf4850000 - 0x00007ffdf485a000 	C:\Windows\SYSTEM32\VERSION.dll
0x00007ffdfad10000 - 0x00007ffdfad28000 	C:\Windows\SYSTEM32\kernel.appcore.dll
0x00007ffdc80e0000 - 0x00007ffdc80ea000 	C:\Program Files\Eclipse\plugins\org.eclipse.justj.openjdk.hotspot.jre.full.win32.x86_64_17.0.3.v20220515-1416\jre\bin\jimage.dll
0x00007ffded970000 - 0x00007ffdedb91000 	C:\Windows\SYSTEM32\DBGHELP.DLL
0x00007ffdf4860000 - 0x00007ffdf4891000 	C:\Windows\SYSTEM32\dbgcore.DLL
0x00007ffdfc3c0000 - 0x00007ffdfc43f000 	C:\Windows\System32\bcryptPrimitives.dll
0x00007ffdc80b0000 - 0x00007ffdc80d5000 	C:\Program Files\Eclipse\plugins\org.eclipse.justj.openjdk.hotspot.jre.full.win32.x86_64_17.0.3.v20220515-1416\jre\bin\java.dll
0x00007ffdc8090000 - 0x00007ffdc80a8000 	C:\Program Files\Eclipse\plugins\org.eclipse.justj.openjdk.hotspot.jre.full.win32.x86_64_17.0.3.v20220515-1416\jre\bin\zip.dll
0x00007ffdfdaf0000 - 0x00007ffdfe2b5000 	C:\Windows\System32\SHELL32.dll
0x00007ffdf9d80000 - 0x00007ffdfa5e5000 	C:\Windows\SYSTEM32\windows.storage.dll
0x00007ffdfd470000 - 0x00007ffdfd7e8000 	C:\Windows\System32\combase.dll
0x00007ffdf9c10000 - 0x00007ffdf9d76000 	C:\Windows\SYSTEM32\wintypes.dll
0x00007ffdfd910000 - 0x00007ffdfd9fa000 	C:\Windows\System32\SHCORE.dll
0x00007ffdfd040000 - 0x00007ffdfd09d000 	C:\Windows\System32\shlwapi.dll
0x00007ffdfbbc0000 - 0x00007ffdfbbe1000 	C:\Windows\SYSTEM32\profapi.dll
0x00007ffdc8070000 - 0x00007ffdc8089000 	C:\Program Files\Eclipse\plugins\org.eclipse.justj.openjdk.hotspot.jre.full.win32.x86_64_17.0.3.v20220515-1416\jre\bin\net.dll
0x00007ffdf6830000 - 0x00007ffdf6944000 	C:\Windows\SYSTEM32\WINHTTP.dll
0x00007ffdfb1b0000 - 0x00007ffdfb217000 	C:\Windows\system32\mswsock.dll
0x00007ffdc8000000 - 0x00007ffdc8015000 	C:\Program Files\Eclipse\plugins\org.eclipse.justj.openjdk.hotspot.jre.full.win32.x86_64_17.0.3.v20220515-1416\jre\bin\nio.dll
0x000001a1ef5e0000 - 0x000001a1ef5e3000 	C:\JavaFX\javafx-sdk-16\bin\api-ms-win-core-console-l1-1-0.dll
0x000001a1ef5f0000 - 0x000001a1ef5f3000 	C:\JavaFX\javafx-sdk-16\bin\api-ms-win-core-console-l1-2-0.dll
0x000001a1ef600000 - 0x000001a1ef603000 	C:\JavaFX\javafx-sdk-16\bin\api-ms-win-core-datetime-l1-1-0.dll
0x000001a1ef610000 - 0x000001a1ef613000 	C:\JavaFX\javafx-sdk-16\bin\api-ms-win-core-debug-l1-1-0.dll
0x000001a1ef620000 - 0x000001a1ef623000 	C:\JavaFX\javafx-sdk-16\bin\api-ms-win-core-errorhandling-l1-1-0.dll
0x000001a1ef630000 - 0x000001a1ef634000 	C:\JavaFX\javafx-sdk-16\bin\api-ms-win-core-file-l1-1-0.dll
0x000001a1ef640000 - 0x000001a1ef643000 	C:\JavaFX\javafx-sdk-16\bin\api-ms-win-core-file-l1-2-0.dll
0x000001a1ef650000 - 0x000001a1ef653000 	C:\JavaFX\javafx-sdk-16\bin\api-ms-win-core-file-l2-1-0.dll
0x000001a1ef660000 - 0x000001a1ef663000 	C:\JavaFX\javafx-sdk-16\bin\api-ms-win-core-handle-l1-1-0.dll
0x000001a1ef670000 - 0x000001a1ef673000 	C:\JavaFX\javafx-sdk-16\bin\api-ms-win-core-heap-l1-1-0.dll
0x000001a1ef680000 - 0x000001a1ef683000 	C:\JavaFX\javafx-sdk-16\bin\api-ms-win-core-interlocked-l1-1-0.dll
0x000001a1ef690000 - 0x000001a1ef693000 	C:\JavaFX\javafx-sdk-16\bin\api-ms-win-core-libraryloader-l1-1-0.dll
0x000001a1ef6a0000 - 0x000001a1ef6a3000 	C:\JavaFX\javafx-sdk-16\bin\api-ms-win-core-localization-l1-2-0.dll
0x000001a1ef6b0000 - 0x000001a1ef6b3000 	C:\JavaFX\javafx-sdk-16\bin\api-ms-win-core-memory-l1-1-0.dll
0x000001a1ef6c0000 - 0x000001a1ef6c3000 	C:\JavaFX\javafx-sdk-16\bin\api-ms-win-core-namedpipe-l1-1-0.dll
0x000001a1ef6d0000 - 0x000001a1ef6d3000 	C:\JavaFX\javafx-sdk-16\bin\api-ms-win-core-processenvironment-l1-1-0.dll
0x000001a1ef6e0000 - 0x000001a1ef6e3000 	C:\JavaFX\javafx-sdk-16\bin\api-ms-win-core-processthreads-l1-1-0.dll
0x000001a1ef6f0000 - 0x000001a1ef6f3000 	C:\JavaFX\javafx-sdk-16\bin\api-ms-win-core-processthreads-l1-1-1.dll
0x000001a1ef700000 - 0x000001a1ef703000 	C:\JavaFX\javafx-sdk-16\bin\api-ms-win-core-profile-l1-1-0.dll
0x000001a1ef710000 - 0x000001a1ef713000 	C:\JavaFX\javafx-sdk-16\bin\api-ms-win-core-rtlsupport-l1-1-0.dll
0x000001a1ef720000 - 0x000001a1ef723000 	C:\JavaFX\javafx-sdk-16\bin\api-ms-win-core-string-l1-1-0.dll
0x000001a1ef730000 - 0x000001a1ef733000 	C:\JavaFX\javafx-sdk-16\bin\api-ms-win-core-synch-l1-1-0.dll
0x000001a1ef740000 - 0x000001a1ef743000 	C:\JavaFX\javafx-sdk-16\bin\api-ms-win-core-synch-l1-2-0.dll
0x000001a1ef750000 - 0x000001a1ef753000 	C:\JavaFX\javafx-sdk-16\bin\api-ms-win-core-sysinfo-l1-1-0.dll
0x000001a1ef760000 - 0x000001a1ef763000 	C:\JavaFX\javafx-sdk-16\bin\api-ms-win-core-timezone-l1-1-0.dll
0x000001a1ef770000 - 0x000001a1ef773000 	C:\JavaFX\javafx-sdk-16\bin\api-ms-win-core-util-l1-1-0.dll
0x000001a1ef780000 - 0x000001a1ef783000 	C:\JavaFX\javafx-sdk-16\bin\api-ms-win-crt-conio-l1-1-0.dll
0x000001a1ef790000 - 0x000001a1ef794000 	C:\JavaFX\javafx-sdk-16\bin\api-ms-win-crt-convert-l1-1-0.dll
0x000001a1ef7a0000 - 0x000001a1ef7a3000 	C:\JavaFX\javafx-sdk-16\bin\api-ms-win-crt-environment-l1-1-0.dll
0x000001a1ef7b0000 - 0x000001a1ef7b3000 	C:\JavaFX\javafx-sdk-16\bin\api-ms-win-crt-filesystem-l1-1-0.dll
0x000001a1ef7c0000 - 0x000001a1ef7c3000 	C:\JavaFX\javafx-sdk-16\bin\api-ms-win-crt-heap-l1-1-0.dll
0x000001a1ef7d0000 - 0x000001a1ef7d3000 	C:\JavaFX\javafx-sdk-16\bin\api-ms-win-crt-locale-l1-1-0.dll
0x000001a1ef7e0000 - 0x000001a1ef7e5000 	C:\JavaFX\javafx-sdk-16\bin\api-ms-win-crt-math-l1-1-0.dll
0x000001a1ef7f0000 - 0x000001a1ef7f5000 	C:\JavaFX\javafx-sdk-16\bin\api-ms-win-crt-multibyte-l1-1-0.dll
0x000001a1f0c00000 - 0x000001a1f0c10000 	C:\JavaFX\javafx-sdk-16\bin\api-ms-win-crt-private-l1-1-0.dll
0x000001a1f0c10000 - 0x000001a1f0c13000 	C:\JavaFX\javafx-sdk-16\bin\api-ms-win-crt-process-l1-1-0.dll
0x000001a1f0c20000 - 0x000001a1f0c24000 	C:\JavaFX\javafx-sdk-16\bin\api-ms-win-crt-runtime-l1-1-0.dll
0x000001a1f0c30000 - 0x000001a1f0c34000 	C:\JavaFX\javafx-sdk-16\bin\api-ms-win-crt-stdio-l1-1-0.dll
0x000001a1f0c40000 - 0x000001a1f0c44000 	C:\JavaFX\javafx-sdk-16\bin\api-ms-win-crt-string-l1-1-0.dll
0x000001a1f0c50000 - 0x000001a1f0c53000 	C:\JavaFX\javafx-sdk-16\bin\api-ms-win-crt-time-l1-1-0.dll
0x000001a1f0c60000 - 0x000001a1f0c63000 	C:\JavaFX\javafx-sdk-16\bin\api-ms-win-crt-utility-l1-1-0.dll
0x00007ffdde1b0000 - 0x00007ffdde2ac000 	C:\JavaFX\javafx-sdk-16\bin\ucrtbase.dll
0x00007ffdf3480000 - 0x00007ffdf3499000 	C:\JavaFX\javafx-sdk-16\bin\vcruntime140.dll
0x00007ffdf76c0000 - 0x00007ffdf76cc000 	C:\JavaFX\javafx-sdk-16\bin\vcruntime140_1.dll
0x00007ffdde110000 - 0x00007ffdde1a1000 	C:\JavaFX\javafx-sdk-16\bin\msvcp140.dll
0x00007ffdf3450000 - 0x00007ffdf3477000 	C:\JavaFX\javafx-sdk-16\bin\prism_d3d.dll
0x00007ffdddf60000 - 0x00007ffdde106000 	C:\Windows\system32\d3d9.dll
0x00007ffdf9600000 - 0x00007ffdf962f000 	C:\Windows\SYSTEM32\dwmapi.dll
0x00007ffdf9580000 - 0x00007ffdf95b8000 	C:\Windows\SYSTEM32\dxcore.dll
0x00007ffdf9360000 - 0x00007ffdf940c000 	C:\Windows\system32\uxtheme.dll
0x00007ffdf63e0000 - 0x00007ffdf6424000 	C:\Windows\SYSTEM32\directxdatabasehelper.dll
0x00007ffdfad30000 - 0x00007ffdfad64000 	C:\Windows\SYSTEM32\ntmarta.dll
0x00007ffddf940000 - 0x00007ffddf982000 	C:\JavaFX\javafx-sdk-16\bin\glass.dll
0x00007ffdfe2c0000 - 0x00007ffdfe3ac000 	C:\Windows\System32\COMDLG32.dll
0x00007ffdfe5e0000 - 0x00007ffdfe77a000 	C:\Windows\System32\ole32.dll
0x00007ffdfda10000 - 0x00007ffdfdae6000 	C:\Windows\System32\OLEAUT32.dll
0x00007ffdfd7f0000 - 0x00007ffdfd90d000 	C:\Windows\System32\MSCTF.dll
0x00007ffdefdc0000 - 0x00007ffdf04c2000 	C:\Windows\SYSTEM32\d3d10warp.dll
0x00007ffdf3430000 - 0x00007ffdf3444000 	C:\JavaFX\javafx-sdk-16\bin\javafx_font.dll
0x00007ffdea640000 - 0x00007ffdea89f000 	C:\Windows\SYSTEM32\dwrite.dll

dbghelp: loaded successfully - version: 4.0.5 - missing functions: none
symbol engine: initialized successfully - sym options: 0x614 - pdb path: .;C:\Program Files\Eclipse\plugins\org.eclipse.justj.openjdk.hotspot.jre.full.win32.x86_64_17.0.3.v20220515-1416\jre\bin;C:\Windows\SYSTEM32;C:\Windows\WinSxS\amd64_microsoft.windows.common-controls_6595b64144ccf1df_6.0.22000.120_none_9d947278b86cc467;C:\Program Files\Eclipse\plugins\org.eclipse.justj.openjdk.hotspot.jre.full.win32.x86_64_17.0.3.v20220515-1416\jre\bin\server;C:\JavaFX\javafx-sdk-16\bin

VM Arguments:
jvm_args: -Dfile.encoding=UTF-8 --module-path=C:\Users\CS219-user\git\Danny-Elizabeth-Andres-SnakeGame\bin;C:\JavaFX\javafx-sdk-16\lib\javafx-swt.jar;C:\JavaFX\javafx-sdk-16\lib\javafx.base.jar;C:\JavaFX\javafx-sdk-16\lib\javafx.controls.jar;C:\JavaFX\javafx-sdk-16\lib\javafx.fxml.jar;C:\JavaFX\javafx-sdk-16\lib\javafx.graphics.jar;C:\JavaFX\javafx-sdk-16\lib\javafx.media.jar;C:\JavaFX\javafx-sdk-16\lib\javafx.swing.jar;C:\JavaFX\javafx-sdk-16\lib\javafx.web.jar;C:\Program Files\Eclipse\plugins\org.eclipse.fx.ide.css.jfx8_3.8.0.202204150904.jar -XX:+ShowCodeDetailsInExceptionMessages -Djdk.module.main=test 
java_command: test/application.Main
java_class_path (initial): <not set>
Launcher Type: SUN_STANDARD

[Global flags]
     intx CICompilerCount                          = 2                                         {product} {ergonomic}
     uint ConcGCThreads                            = 1                                         {product} {ergonomic}
     uint G1ConcRefinementThreads                  = 2                                         {product} {ergonomic}
   size_t G1HeapRegionSize                         = 1048576                                   {product} {ergonomic}
    uintx GCDrainStackTargetSize                   = 64                                        {product} {ergonomic}
   size_t InitialHeapSize                          = 67108864                                  {product} {ergonomic}
   size_t MarkStackSize                            = 4194304                                   {product} {ergonomic}
   size_t MaxHeapSize                              = 1073741824                                {product} {ergonomic}
   size_t MaxNewSize                               = 643825664                                 {product} {ergonomic}
   size_t MinHeapDeltaBytes                        = 1048576                                   {product} {ergonomic}
   size_t MinHeapSize                              = 8388608                                   {product} {ergonomic}
    uintx NonNMethodCodeHeapSize                   = 5826188                                {pd product} {ergonomic}
    uintx NonProfiledCodeHeapSize                  = 122916026                              {pd product} {ergonomic}
    uintx ProfiledCodeHeapSize                     = 122916026                              {pd product} {ergonomic}
    uintx ReservedCodeCacheSize                    = 251658240                              {pd product} {ergonomic}
     bool SegmentedCodeCache                       = true                                      {product} {ergonomic}
     bool ShowCodeDetailsInExceptionMessages       = true                                   {manageable} {command line}
   size_t SoftMaxHeapSize                          = 1073741824                             {manageable} {ergonomic}
     bool UseCompressedClassPointers               = true                           {product lp64_product} {ergonomic}
     bool UseCompressedOops                        = true                           {product lp64_product} {ergonomic}
     bool UseG1GC                                  = true                                      {product} {ergonomic}
     bool UseLargePagesIndividualAllocation        = false                                  {pd product} {ergonomic}

Logging:
Log output configuration:
 #0: stdout all=warning uptime,level,tags
 #1: stderr all=off uptime,level,tags

Environment Variables:
PATH=C:/Program Files/eclipse//plugins/org.eclipse.justj.openjdk.hotspot.jre.full.win32.x86_64_17.0.3.v20220515-1416/jre/bin/server;C:/Program Files/eclipse//plugins/org.eclipse.justj.openjdk.hotspot.jre.full.win32.x86_64_17.0.3.v20220515-1416/jre/bin;C:\Program Files\Python311\Scripts\;C:\Program Files\Python311\;C:\Program Files\Common Files\Oracle\Java\javapath;C:\Windows\system32;C:\Windows;C:\Windows\System32\Wbem;C:\Windows\System32\WindowsPowerShell\v1.0\;C:\Windows\System32\OpenSSH\;C:\Users\CS219-user\AppData\Local\Microsoft\WindowsApps;;C:\Program Files\eclipse;
USERNAME=CS219-user
OS=Windows_NT
PROCESSOR_IDENTIFIER=Intel64 Family 6 Model 85 Stepping 7, GenuineIntel



---------------  S Y S T E M  ---------------

OS:
 Windows 11 , 64 bit Build 22000 (10.0.22000.1516)
OS uptime: 0 days 2:15 hours
Hyper-V virtualization detected

CPU: total 2 (initial active 2) (1 cores per cpu, 2 threads per core) family 6 model 85 stepping 7 microcode 0xffffffff, cx8, cmov, fxsr, ht, mmx, 3dnowpref, sse, sse2, sse3, ssse3, sse4.1, sse4.2, popcnt, lzcnt, tsc, avx, avx2, aes, erms, clmul, bmi1, bmi2, rtm, adx, avx512f, avx512dq, avx512cd, avx512bw, avx512vl, fma, vzeroupper, clflush, clflushopt, hv

Memory: 4k page, system-wide physical 4094M (287M free)
TotalPageFile size 6142M (AvailPageFile size 0M)
current process WorkingSet (physical memory assigned to process): 82M, peak: 99M
current process commit charge ("private bytes"): 175M, peak: 180M

vm_info: OpenJDK 64-Bit Server VM (17.0.3+7) for windows-amd64 JRE (17.0.3+7), built on Apr 19 2022 16:55:35 by "" with MS VC++ 16.7 (VS2019)

END.
