#
# There is insufficient memory for the Java Runtime Environment to continue.
# Native memory allocation (mmap) failed to map 51380224 bytes for G1 virtual space
# Possible reasons:
#   The system is out of physical RAM or swap space
#   The process is running with CompressedOops enabled, and the Java Heap may be blocking the growth of the native heap
# Possible solutions:
#   Reduce memory load on the system
#   Increase physical memory or swap space
#   Check if swap backing store is full
#   Decrease Java heap size (-Xmx/-Xms)
#   Decrease number of Java threads
#   Decrease Java thread stack sizes (-Xss)
#   Set larger code cache with -XX:ReservedCodeCacheSize=
#   JVM is running with Unscaled Compressed Oops mode in which the Java heap is
#     placed in the first 4GB address space. The Java Heap base address is the
#     maximum limit for the native heap growth. Please use -XX:HeapBaseMinAddress
#     to set the Java Heap base and to place the Java Heap above 4GB virtual address.
# This output file may be truncated or incomplete.
#
#  Out of Memory Error (os_windows.cpp:3535), pid=9024, tid=1896
#
# JRE version: OpenJDK Runtime Environment Temurin-17.0.3+7 (17.0.3+7) (build 17.0.3+7)
# Java VM: OpenJDK 64-Bit Server VM Temurin-17.0.3+7 (17.0.3+7, mixed mode, tiered, compressed oops, compressed class ptrs, g1 gc, windows-amd64)
# No core dump will be written. Minidumps are not enabled by default on client versions of Windows
#

---------------  S U M M A R Y ------------

Command Line: -Dfile.encoding=UTF-8 --module-path=C:\Users\CS219-user\git\Danny-Elizabeth-Andres-SnakeGame\bin;C:\JavaFX\javafx-sdk-16\lib\javafx-swt.jar;C:\JavaFX\javafx-sdk-16\lib\javafx.base.jar;C:\JavaFX\javafx-sdk-16\lib\javafx.controls.jar;C:\JavaFX\javafx-sdk-16\lib\javafx.fxml.jar;C:\JavaFX\javafx-sdk-16\lib\javafx.graphics.jar;C:\JavaFX\javafx-sdk-16\lib\javafx.media.jar;C:\JavaFX\javafx-sdk-16\lib\javafx.swing.jar;C:\JavaFX\javafx-sdk-16\lib\javafx.web.jar;C:\Program Files\Eclipse\plugins\org.eclipse.fx.ide.css.jfx8_3.8.0.202204150904.jar -XX:+ShowCodeDetailsInExceptionMessages -Djdk.module.main=test test/application.Main

Host: Intel(R) Xeon(R) Platinum 8272CL CPU @ 2.60GHz, 2 cores, 3G,  Windows 11 , 64 bit Build 22000 (10.0.22000.1516)
Time: Fri Mar 31 04:24:56 2023 Coordinated Universal Time elapsed time: 10.583259 seconds (0d 0h 0m 10s)

---------------  T H R E A D  ---------------

Current thread (0x000001c07c4fb600):  VMThread "VM Thread" [stack: 0x0000006a17f00000,0x0000006a18000000] [id=1896]

Stack: [0x0000006a17f00000,0x0000006a18000000]
Native frames: (J=compiled Java code, j=interpreted, Vv=VM code, C=native code)
V  [jvm.dll+0x675efa]
V  [jvm.dll+0x830a24]
V  [jvm.dll+0x8321ce]
V  [jvm.dll+0x832833]
V  [jvm.dll+0x2454b5]
V  [jvm.dll+0x672de9]
V  [jvm.dll+0x667732]
V  [jvm.dll+0x3043ab]
V  [jvm.dll+0x30b8f6]
V  [jvm.dll+0x35b62e]
V  [jvm.dll+0x35b85f]
V  [jvm.dll+0x2db248]
V  [jvm.dll+0x2de2d6]
V  [jvm.dll+0x2e8998]
V  [jvm.dll+0x31cc40]
V  [jvm.dll+0x836cdb]
V  [jvm.dll+0x837a14]
V  [jvm.dll+0x837f2c]
V  [jvm.dll+0x838304]
V  [jvm.dll+0x8383d0]
V  [jvm.dll+0x7e0cfa]
V  [jvm.dll+0x674d85]
C  [ucrtbase.dll+0x26c0c]
C  [KERNEL32.DLL+0x155a0]
C  [ntdll.dll+0x485b]

VM_Operation (0x0000006a17bffa00): G1Concurrent, mode: safepoint, requested by thread 0x000001c0748d4650


---------------  P R O C E S S  ---------------

Threads class SMR info:
_java_thread_list=0x000001c07f012a80, length=19, elements={
0x000001c07488fdf0, 0x000001c07c4cc150, 0x000001c07c4cc910, 0x000001c07c52e030,
0x000001c07c52e500, 0x000001c07c52e9d0, 0x000001c07c536fa0, 0x000001c07c565a10,
0x000001c07d008070, 0x000001c07d010660, 0x000001c07c48a430, 0x000001c07d3088a0,
0x000001c07d39a8a0, 0x000001c07d605b20, 0x000001c07d612cb0, 0x000001c07d305e20,
0x000001c07d3062f0, 0x000001c01126bff0, 0x000001c011a50780
}

Java Threads: ( => current thread )
  0x000001c07488fdf0 JavaThread "main" [_thread_blocked, id=1964, stack(0x0000006a17900000,0x0000006a17a00000)]
  0x000001c07c4cc150 JavaThread "Reference Handler" daemon [_thread_blocked, id=6604, stack(0x0000006a18000000,0x0000006a18100000)]
  0x000001c07c4cc910 JavaThread "Finalizer" daemon [_thread_blocked, id=8384, stack(0x0000006a18100000,0x0000006a18200000)]
  0x000001c07c52e030 JavaThread "Signal Dispatcher" daemon [_thread_blocked, id=5652, stack(0x0000006a18200000,0x0000006a18300000)]
  0x000001c07c52e500 JavaThread "Attach Listener" daemon [_thread_blocked, id=2244, stack(0x0000006a18300000,0x0000006a18400000)]
  0x000001c07c52e9d0 JavaThread "Service Thread" daemon [_thread_blocked, id=6424, stack(0x0000006a18400000,0x0000006a18500000)]
  0x000001c07c536fa0 JavaThread "Monitor Deflation Thread" daemon [_thread_blocked, id=9148, stack(0x0000006a18500000,0x0000006a18600000)]
  0x000001c07c565a10 JavaThread "C2 CompilerThread0" daemon [_thread_blocked, id=6788, stack(0x0000006a18600000,0x0000006a18700000)]
  0x000001c07d008070 JavaThread "C1 CompilerThread0" daemon [_thread_blocked, id=7636, stack(0x0000006a18700000,0x0000006a18800000)]
  0x000001c07d010660 JavaThread "Sweeper thread" daemon [_thread_blocked, id=3888, stack(0x0000006a18800000,0x0000006a18900000)]
  0x000001c07c48a430 JavaThread "Common-Cleaner" daemon [_thread_blocked, id=1340, stack(0x0000006a18900000,0x0000006a18a00000)]
  0x000001c07d3088a0 JavaThread "Notification Thread" daemon [_thread_blocked, id=6484, stack(0x0000006a18b00000,0x0000006a18c00000)]
  0x000001c07d39a8a0 JavaThread "QuantumRenderer-0" daemon [_thread_blocked, id=6292, stack(0x0000006a18d00000,0x0000006a18e00000)]
  0x000001c07d605b20 JavaThread "InvokeLaterDispatcher" daemon [_thread_blocked, id=5280, stack(0x0000006a18e00000,0x0000006a18f00000)]
  0x000001c07d612cb0 JavaThread "JavaFX Application Thread" [_thread_blocked, id=3828, stack(0x0000006a18f00000,0x0000006a19000000)]
  0x000001c07d305e20 JavaThread "Thread-1" daemon [_thread_blocked, id=4256, stack(0x0000006a19000000,0x0000006a19100000)]
  0x000001c07d3062f0 JavaThread "JavaFX-Launcher" [_thread_blocked, id=2032, stack(0x0000006a19100000,0x0000006a19200000)]
  0x000001c01126bff0 JavaThread "Prism Font Disposer" daemon [_thread_blocked, id=3840, stack(0x0000006a19500000,0x0000006a19600000)]
  0x000001c011a50780 JavaThread "Cleaner-0" daemon [_thread_blocked, id=8340, stack(0x0000006a19700000,0x0000006a19800000)]

Other Threads:
=>0x000001c07c4fb600 VMThread "VM Thread" [stack: 0x0000006a17f00000,0x0000006a18000000] [id=1896]
  0x000001c07d34f770 WatcherThread [stack: 0x0000006a18c00000,0x0000006a18d00000] [id=1532]
  0x000001c0748cae10 GCTaskThread "GC Thread#0" [stack: 0x0000006a17a00000,0x0000006a17b00000] [id=2928]
  0x000001c07d1a3060 GCTaskThread "GC Thread#1" [stack: 0x0000006a18a00000,0x0000006a18b00000] [id=3464]
  0x000001c0748d4650 ConcurrentGCThread "G1 Main Marker" [stack: 0x0000006a17b00000,0x0000006a17c00000] [id=7928]
  0x000001c0748d61d0 ConcurrentGCThread "G1 Conc#0" [stack: 0x0000006a17c00000,0x0000006a17d00000] [id=1176]
  0x000001c07491f230 ConcurrentGCThread "G1 Refine#0" [stack: 0x0000006a17d00000,0x0000006a17e00000] [id=2520]
  0x000001c07f6fc8c0 ConcurrentGCThread "G1 Refine#1" [stack: 0x0000006a19600000,0x0000006a19700000] [id=8668]
  0x000001c074921870 ConcurrentGCThread "G1 Service" [stack: 0x0000006a17e00000,0x0000006a17f00000] [id=9040]

Threads with active compile tasks:

VM state: at safepoint (normal execution)

VM Mutex/Monitor currently owned by a thread:  ([mutex/lock_event])
[0x000001c07488b080] Threads_lock - owner thread: 0x000001c07c4fb600
[0x000001c07488b1a0] Heap_lock - owner thread: 0x000001c0748d4650

Heap address: 0x00000000c0000000, size: 1024 MB, Compressed Oops mode: 32-bit

CDS archive(s) not mapped
Compressed class space mapped at: 0x0000000100000000-0x0000000140000000, reserved size: 1073741824
Narrow klass base: 0x0000000000000000, Narrow klass shift: 3, Narrow klass range: 0x140000000

GC Precious Log:
 CPUs: 2 total, 2 available
 Memory: 4094M
 Large Page Support: Disabled
 NUMA Support: Disabled
 Compressed Oops: Enabled (32-bit)
 Heap Region Size: 1M
 Heap Min Capacity: 8M
 Heap Initial Capacity: 64M
 Heap Max Capacity: 1G
 Pre-touch: Disabled
 Parallel Workers: 2
 Concurrent Workers: 1
 Concurrent Refinement Workers: 2
 Periodic GC: Disabled

Heap:
 garbage-first heap   total 230400K, used 164885K [0x00000000c0000000, 0x0000000100000000)
  region size 1024K, 7 young (7168K), 3 survivors (3072K)
 Metaspace       used 21682K, committed 21888K, reserved 1073152K
  class space    used 2507K, committed 2624K, reserved 1048576K

Heap Regions: E=young(eden), S=young(survivor), O=old, HS=humongous(starts), HC=humongous(continues), CS=collection set, F=free, OA=open archive, CA=closed archive, TAMS=top-at-mark-start (previous, next)
|   0|0x00000000c0000000, 0x00000000c0100000, 0x00000000c0100000|100%| O|  |TAMS 0x00000000c0100000, 0x00000000c0000000| Untracked 
|   1|0x00000000c0100000, 0x00000000c0200000, 0x00000000c0200000|100%| O|  |TAMS 0x00000000c0200000, 0x00000000c0100000| Untracked 
|   2|0x00000000c0200000, 0x00000000c0300000, 0x00000000c0300000|100%| O|  |TAMS 0x00000000c0300000, 0x00000000c0200000| Untracked 
|   3|0x00000000c0300000, 0x00000000c0400000, 0x00000000c0400000|100%|HS|  |TAMS 0x00000000c0400000, 0x00000000c0300000| Complete 
|   4|0x00000000c0400000, 0x00000000c0500000, 0x00000000c0500000|100%|HC|  |TAMS 0x00000000c0500000, 0x00000000c0400000| Complete 
|   5|0x00000000c0500000, 0x00000000c0600000, 0x00000000c0600000|100%| O|  |TAMS 0x00000000c0600000, 0x00000000c0500000| Untracked 
|   6|0x00000000c0600000, 0x00000000c0700000, 0x00000000c0700000|100%| O|  |TAMS 0x00000000c0700000, 0x00000000c0600000| Untracked 
|   7|0x00000000c0700000, 0x00000000c0800000, 0x00000000c0800000|100%| O|  |TAMS 0x00000000c0800000, 0x00000000c0700000| Untracked 
|   8|0x00000000c0800000, 0x00000000c0900000, 0x00000000c0900000|100%| O|  |TAMS 0x00000000c0900000, 0x00000000c0800000| Untracked 
|   9|0x00000000c0900000, 0x00000000c0a00000, 0x00000000c0a00000|100%| O|  |TAMS 0x00000000c0a00000, 0x00000000c0900000| Untracked 
|  10|0x00000000c0a00000, 0x00000000c0b00000, 0x00000000c0b00000|100%| O|  |TAMS 0x00000000c0b00000, 0x00000000c0a00000| Untracked 
|  11|0x00000000c0b00000, 0x00000000c0c00000, 0x00000000c0c00000|100%| O|  |TAMS 0x00000000c0c00000, 0x00000000c0b00000| Untracked 
|  12|0x00000000c0c00000, 0x00000000c0d00000, 0x00000000c0d00000|100%| O|  |TAMS 0x00000000c0d00000, 0x00000000c0c00000| Untracked 
|  13|0x00000000c0d00000, 0x00000000c0e00000, 0x00000000c0e00000|100%| O|  |TAMS 0x00000000c0e00000, 0x00000000c0d00000| Untracked 
|  14|0x00000000c0e00000, 0x00000000c0f00000, 0x00000000c0f00000|100%| O|  |TAMS 0x00000000c0f00000, 0x00000000c0e00000| Untracked 
|  15|0x00000000c0f00000, 0x00000000c1000000, 0x00000000c1000000|100%| O|  |TAMS 0x00000000c1000000, 0x00000000c0f00000| Untracked 
|  16|0x00000000c1000000, 0x00000000c1100000, 0x00000000c1100000|100%| O|  |TAMS 0x00000000c1100000, 0x00000000c1000000| Untracked 
|  17|0x00000000c1100000, 0x00000000c1200000, 0x00000000c1200000|100%| O|  |TAMS 0x00000000c1200000, 0x00000000c1100000| Untracked 
|  18|0x00000000c1200000, 0x00000000c1300000, 0x00000000c1300000|100%| O|  |TAMS 0x00000000c1300000, 0x00000000c1200000| Updating 
|  19|0x00000000c1300000, 0x00000000c1400000, 0x00000000c1400000|100%| O|  |TAMS 0x00000000c1400000, 0x00000000c1300000| Untracked 
|  20|0x00000000c1400000, 0x00000000c1500000, 0x00000000c1500000|100%| O|  |TAMS 0x00000000c1500000, 0x00000000c1400000| Untracked 
|  21|0x00000000c1500000, 0x00000000c1600000, 0x00000000c1600000|100%| O|  |TAMS 0x00000000c1600000, 0x00000000c1500000| Untracked 
|  22|0x00000000c1600000, 0x00000000c1700000, 0x00000000c1700000|100%| O|  |TAMS 0x00000000c1700000, 0x00000000c1600000| Untracked 
|  23|0x00000000c1700000, 0x00000000c1800000, 0x00000000c1800000|100%| O|  |TAMS 0x00000000c1800000, 0x00000000c1700000| Untracked 
|  24|0x00000000c1800000, 0x00000000c1900000, 0x00000000c1900000|100%| O|  |TAMS 0x00000000c1900000, 0x00000000c1800000| Untracked 
|  25|0x00000000c1900000, 0x00000000c1a00000, 0x00000000c1a00000|100%| O|  |TAMS 0x00000000c1a00000, 0x00000000c1900000| Updating 
|  26|0x00000000c1a00000, 0x00000000c1b00000, 0x00000000c1b00000|100%| O|  |TAMS 0x00000000c1b00000, 0x00000000c1a00000| Untracked 
|  27|0x00000000c1b00000, 0x00000000c1c00000, 0x00000000c1c00000|100%| O|  |TAMS 0x00000000c1c00000, 0x00000000c1b00000| Untracked 
|  28|0x00000000c1c00000, 0x00000000c1d00000, 0x00000000c1d00000|100%| O|  |TAMS 0x00000000c1d00000, 0x00000000c1c00000| Untracked 
|  29|0x00000000c1d00000, 0x00000000c1e00000, 0x00000000c1e00000|100%| O|  |TAMS 0x00000000c1e00000, 0x00000000c1d00000| Untracked 
|  30|0x00000000c1e00000, 0x00000000c1f00000, 0x00000000c1f00000|100%| O|  |TAMS 0x00000000c1f00000, 0x00000000c1e00000| Untracked 
|  31|0x00000000c1f00000, 0x00000000c2000000, 0x00000000c2000000|100%| O|  |TAMS 0x00000000c2000000, 0x00000000c1f00000| Untracked 
|  32|0x00000000c2000000, 0x00000000c2100000, 0x00000000c2100000|100%| O|  |TAMS 0x00000000c2100000, 0x00000000c2000000| Updating 
|  33|0x00000000c2100000, 0x00000000c2200000, 0x00000000c2200000|100%| O|  |TAMS 0x00000000c2200000, 0x00000000c2100000| Updating 
|  34|0x00000000c2200000, 0x00000000c2300000, 0x00000000c2300000|100%| O|  |TAMS 0x00000000c2300000, 0x00000000c2200000| Untracked 
|  35|0x00000000c2300000, 0x00000000c2400000, 0x00000000c2400000|100%| O|  |TAMS 0x00000000c2400000, 0x00000000c2300000| Untracked 
|  36|0x00000000c2400000, 0x00000000c2500000, 0x00000000c2500000|100%| O|  |TAMS 0x00000000c2500000, 0x00000000c2400000| Untracked 
|  37|0x00000000c2500000, 0x00000000c2600000, 0x00000000c2600000|100%| O|  |TAMS 0x00000000c2600000, 0x00000000c2500000| Untracked 
|  38|0x00000000c2600000, 0x00000000c2700000, 0x00000000c2700000|100%| O|  |TAMS 0x00000000c2700000, 0x00000000c2600000| Untracked 
|  39|0x00000000c2700000, 0x00000000c2800000, 0x00000000c2800000|100%| O|  |TAMS 0x00000000c2800000, 0x00000000c2700000| Untracked 
|  40|0x00000000c2800000, 0x00000000c2900000, 0x00000000c2900000|100%| O|  |TAMS 0x00000000c2900000, 0x00000000c2800000| Untracked 
|  41|0x00000000c2900000, 0x00000000c2a00000, 0x00000000c2a00000|100%| O|  |TAMS 0x00000000c2a00000, 0x00000000c2900000| Untracked 
|  42|0x00000000c2a00000, 0x00000000c2b00000, 0x00000000c2b00000|100%| O|  |TAMS 0x00000000c2b00000, 0x00000000c2a00000| Untracked 
|  43|0x00000000c2b00000, 0x00000000c2c00000, 0x00000000c2c00000|100%| O|  |TAMS 0x00000000c2c00000, 0x00000000c2b00000| Untracked 
|  44|0x00000000c2c00000, 0x00000000c2d00000, 0x00000000c2d00000|100%| O|  |TAMS 0x00000000c2d00000, 0x00000000c2c00000| Untracked 
|  45|0x00000000c2d00000, 0x00000000c2e00000, 0x00000000c2e00000|100%| O|  |TAMS 0x00000000c2e00000, 0x00000000c2d00000| Untracked 
|  46|0x00000000c2e00000, 0x00000000c2f00000, 0x00000000c2f00000|100%| O|  |TAMS 0x00000000c2f00000, 0x00000000c2e00000| Untracked 
|  47|0x00000000c2f00000, 0x00000000c3000000, 0x00000000c3000000|100%| O|  |TAMS 0x00000000c3000000, 0x00000000c2f00000| Untracked 
|  48|0x00000000c3000000, 0x00000000c3100000, 0x00000000c3100000|100%| O|  |TAMS 0x00000000c3100000, 0x00000000c3000000| Untracked 
|  49|0x00000000c3100000, 0x00000000c3200000, 0x00000000c3200000|100%| O|  |TAMS 0x00000000c3200000, 0x00000000c3100000| Untracked 
|  50|0x00000000c3200000, 0x00000000c3300000, 0x00000000c3300000|100%| O|  |TAMS 0x00000000c3300000, 0x00000000c3200000| Updating 
|  51|0x00000000c3300000, 0x00000000c3400000, 0x00000000c3400000|100%| O|  |TAMS 0x00000000c3400000, 0x00000000c3300000| Untracked 
|  52|0x00000000c3400000, 0x00000000c3500000, 0x00000000c3500000|100%| O|  |TAMS 0x00000000c3500000, 0x00000000c3400000| Untracked 
|  53|0x00000000c3500000, 0x00000000c3600000, 0x00000000c3600000|100%| O|  |TAMS 0x00000000c3600000, 0x00000000c3500000| Untracked 
|  54|0x00000000c3600000, 0x00000000c3700000, 0x00000000c3700000|100%| O|  |TAMS 0x00000000c3700000, 0x00000000c3600000| Untracked 
|  55|0x00000000c3700000, 0x00000000c3800000, 0x00000000c3800000|100%| O|  |TAMS 0x00000000c3800000, 0x00000000c3700000| Untracked 
|  56|0x00000000c3800000, 0x00000000c3900000, 0x00000000c3900000|100%| O|  |TAMS 0x00000000c3900000, 0x00000000c3800000| Untracked 
|  57|0x00000000c3900000, 0x00000000c3a00000, 0x00000000c3a00000|100%| O|  |TAMS 0x00000000c3a00000, 0x00000000c3900000| Untracked 
|  58|0x00000000c3a00000, 0x00000000c3b00000, 0x00000000c3b00000|100%| O|  |TAMS 0x00000000c3b00000, 0x00000000c3a00000| Untracked 
|  59|0x00000000c3b00000, 0x00000000c3c00000, 0x00000000c3c00000|100%| O|  |TAMS 0x00000000c3c00000, 0x00000000c3b00000| Untracked 
|  60|0x00000000c3c00000, 0x00000000c3d00000, 0x00000000c3d00000|100%| O|  |TAMS 0x00000000c3d00000, 0x00000000c3c00000| Untracked 
|  61|0x00000000c3d00000, 0x00000000c3e00000, 0x00000000c3e00000|100%| O|  |TAMS 0x00000000c3e00000, 0x00000000c3d00000| Untracked 
|  62|0x00000000c3e00000, 0x00000000c3f00000, 0x00000000c3f00000|100%| O|  |TAMS 0x00000000c3f00000, 0x00000000c3e00000| Untracked 
|  63|0x00000000c3f00000, 0x00000000c4000000, 0x00000000c4000000|100%| O|  |TAMS 0x00000000c4000000, 0x00000000c3f00000| Untracked 
|  64|0x00000000c4000000, 0x00000000c4100000, 0x00000000c4100000|100%| O|  |TAMS 0x00000000c4100000, 0x00000000c4000000| Untracked 
|  65|0x00000000c4100000, 0x00000000c4200000, 0x00000000c4200000|100%| O|  |TAMS 0x00000000c4200000, 0x00000000c4100000| Updating 
|  66|0x00000000c4200000, 0x00000000c4300000, 0x00000000c4300000|100%| O|  |TAMS 0x00000000c4300000, 0x00000000c4200000| Untracked 
|  67|0x00000000c4300000, 0x00000000c4400000, 0x00000000c4400000|100%| O|  |TAMS 0x00000000c4400000, 0x00000000c4300000| Untracked 
|  68|0x00000000c4400000, 0x00000000c4500000, 0x00000000c4500000|100%| O|  |TAMS 0x00000000c4500000, 0x00000000c4400000| Untracked 
|  69|0x00000000c4500000, 0x00000000c4600000, 0x00000000c4600000|100%| O|  |TAMS 0x00000000c4600000, 0x00000000c4500000| Untracked 
|  70|0x00000000c4600000, 0x00000000c4700000, 0x00000000c4700000|100%| O|  |TAMS 0x00000000c4700000, 0x00000000c4600000| Untracked 
|  71|0x00000000c4700000, 0x00000000c4800000, 0x00000000c4800000|100%| O|  |TAMS 0x00000000c4800000, 0x00000000c4700000| Untracked 
|  72|0x00000000c4800000, 0x00000000c4900000, 0x00000000c4900000|100%| O|  |TAMS 0x00000000c4900000, 0x00000000c4800000| Untracked 
|  73|0x00000000c4900000, 0x00000000c4a00000, 0x00000000c4a00000|100%| O|  |TAMS 0x00000000c4a00000, 0x00000000c4900000| Untracked 
|  74|0x00000000c4a00000, 0x00000000c4b00000, 0x00000000c4b00000|100%| O|  |TAMS 0x00000000c4b00000, 0x00000000c4a00000| Untracked 
|  75|0x00000000c4b00000, 0x00000000c4c00000, 0x00000000c4c00000|100%| O|  |TAMS 0x00000000c4c00000, 0x00000000c4b00000| Untracked 
|  76|0x00000000c4c00000, 0x00000000c4d00000, 0x00000000c4d00000|100%| O|  |TAMS 0x00000000c4d00000, 0x00000000c4c00000| Untracked 
|  77|0x00000000c4d00000, 0x00000000c4e00000, 0x00000000c4e00000|100%| O|  |TAMS 0x00000000c4e00000, 0x00000000c4d00000| Untracked 
|  78|0x00000000c4e00000, 0x00000000c4f00000, 0x00000000c4f00000|100%| O|  |TAMS 0x00000000c4f00000, 0x00000000c4e00000| Untracked 
|  79|0x00000000c4f00000, 0x00000000c5000000, 0x00000000c5000000|100%| O|  |TAMS 0x00000000c5000000, 0x00000000c4f00000| Updating 
|  80|0x00000000c5000000, 0x00000000c5100000, 0x00000000c5100000|100%| O|  |TAMS 0x00000000c5100000, 0x00000000c5000000| Untracked 
|  81|0x00000000c5100000, 0x00000000c5200000, 0x00000000c5200000|100%| O|  |TAMS 0x00000000c5200000, 0x00000000c5100000| Untracked 
|  82|0x00000000c5200000, 0x00000000c5300000, 0x00000000c5300000|100%| O|  |TAMS 0x00000000c5300000, 0x00000000c5200000| Updating 
|  83|0x00000000c5300000, 0x00000000c5400000, 0x00000000c5400000|100%| O|  |TAMS 0x00000000c5400000, 0x00000000c5300000| Untracked 
|  84|0x00000000c5400000, 0x00000000c5500000, 0x00000000c5500000|100%| O|  |TAMS 0x00000000c5500000, 0x00000000c5400000| Untracked 
|  85|0x00000000c5500000, 0x00000000c5600000, 0x00000000c5600000|100%| O|  |TAMS 0x00000000c5600000, 0x00000000c5500000| Untracked 
|  86|0x00000000c5600000, 0x00000000c5700000, 0x00000000c5700000|100%| O|  |TAMS 0x00000000c5700000, 0x00000000c5600000| Untracked 
|  87|0x00000000c5700000, 0x00000000c5800000, 0x00000000c5800000|100%| O|  |TAMS 0x00000000c5800000, 0x00000000c5700000| Untracked 
|  88|0x00000000c5800000, 0x00000000c5900000, 0x00000000c5900000|100%| O|  |TAMS 0x00000000c5900000, 0x00000000c5800000| Untracked 
|  89|0x00000000c5900000, 0x00000000c5a00000, 0x00000000c5a00000|100%| O|  |TAMS 0x00000000c5a00000, 0x00000000c5900000| Untracked 
|  90|0x00000000c5a00000, 0x00000000c5b00000, 0x00000000c5b00000|100%| O|  |TAMS 0x00000000c5b00000, 0x00000000c5a00000| Untracked 
|  91|0x00000000c5b00000, 0x00000000c5c00000, 0x00000000c5c00000|100%| O|  |TAMS 0x00000000c5c00000, 0x00000000c5b00000| Untracked 
|  92|0x00000000c5c00000, 0x00000000c5d00000, 0x00000000c5d00000|100%| O|  |TAMS 0x00000000c5d00000, 0x00000000c5c00000| Untracked 
|  93|0x00000000c5d00000, 0x00000000c5e00000, 0x00000000c5e00000|100%| O|  |TAMS 0x00000000c5e00000, 0x00000000c5d00000| Untracked 
|  94|0x00000000c5e00000, 0x00000000c5f00000, 0x00000000c5f00000|100%| O|  |TAMS 0x00000000c5f00000, 0x00000000c5e00000| Untracked 
|  95|0x00000000c5f00000, 0x00000000c6000000, 0x00000000c6000000|100%| O|  |TAMS 0x00000000c6000000, 0x00000000c5f00000| Untracked 
|  96|0x00000000c6000000, 0x00000000c6100000, 0x00000000c6100000|100%| O|  |TAMS 0x00000000c6100000, 0x00000000c6000000| Untracked 
|  97|0x00000000c6100000, 0x00000000c6200000, 0x00000000c6200000|100%| O|  |TAMS 0x00000000c6200000, 0x00000000c6100000| Untracked 
|  98|0x00000000c6200000, 0x00000000c6300000, 0x00000000c6300000|100%| O|  |TAMS 0x00000000c6300000, 0x00000000c6200000| Untracked 
|  99|0x00000000c6300000, 0x00000000c6400000, 0x00000000c6400000|100%| O|  |TAMS 0x00000000c6400000, 0x00000000c6300000| Untracked 
| 100|0x00000000c6400000, 0x00000000c6500000, 0x00000000c6500000|100%| O|  |TAMS 0x00000000c6500000, 0x00000000c6400000| Untracked 
| 101|0x00000000c6500000, 0x00000000c6600000, 0x00000000c6600000|100%| O|  |TAMS 0x00000000c6600000, 0x00000000c6500000| Untracked 
| 102|0x00000000c6600000, 0x00000000c6700000, 0x00000000c6700000|100%| O|  |TAMS 0x00000000c6700000, 0x00000000c6600000| Untracked 
| 103|0x00000000c6700000, 0x00000000c6800000, 0x00000000c6800000|100%| O|  |TAMS 0x00000000c6800000, 0x00000000c6700000| Untracked 
| 104|0x00000000c6800000, 0x00000000c6900000, 0x00000000c6900000|100%| O|  |TAMS 0x00000000c6900000, 0x00000000c6800000| Untracked 
| 105|0x00000000c6900000, 0x00000000c6a00000, 0x00000000c6a00000|100%| O|  |TAMS 0x00000000c6a00000, 0x00000000c6900000| Untracked 
| 106|0x00000000c6a00000, 0x00000000c6b00000, 0x00000000c6b00000|100%| O|  |TAMS 0x00000000c6b00000, 0x00000000c6a00000| Untracked 
| 107|0x00000000c6b00000, 0x00000000c6c00000, 0x00000000c6c00000|100%| O|  |TAMS 0x00000000c6c00000, 0x00000000c6b00000| Untracked 
| 108|0x00000000c6c00000, 0x00000000c6d00000, 0x00000000c6d00000|100%| O|  |TAMS 0x00000000c6d00000, 0x00000000c6c00000| Untracked 
| 109|0x00000000c6d00000, 0x00000000c6e00000, 0x00000000c6e00000|100%| O|  |TAMS 0x00000000c6e00000, 0x00000000c6d00000| Untracked 
| 110|0x00000000c6e00000, 0x00000000c6f00000, 0x00000000c6f00000|100%| O|  |TAMS 0x00000000c6f00000, 0x00000000c6e00000| Untracked 
| 111|0x00000000c6f00000, 0x00000000c7000000, 0x00000000c7000000|100%| O|  |TAMS 0x00000000c7000000, 0x00000000c6f00000| Untracked 
| 112|0x00000000c7000000, 0x00000000c7100000, 0x00000000c7100000|100%| O|  |TAMS 0x00000000c7100000, 0x00000000c7000000| Untracked 
| 113|0x00000000c7100000, 0x00000000c7200000, 0x00000000c7200000|100%| O|  |TAMS 0x00000000c7200000, 0x00000000c7100000| Untracked 
| 114|0x00000000c7200000, 0x00000000c7300000, 0x00000000c7300000|100%| O|  |TAMS 0x00000000c7300000, 0x00000000c7200000| Untracked 
| 115|0x00000000c7300000, 0x00000000c7400000, 0x00000000c7400000|100%| O|  |TAMS 0x00000000c7400000, 0x00000000c7300000| Untracked 
| 116|0x00000000c7400000, 0x00000000c7500000, 0x00000000c7500000|100%| O|  |TAMS 0x00000000c7500000, 0x00000000c7400000| Untracked 
| 117|0x00000000c7500000, 0x00000000c7600000, 0x00000000c7600000|100%| O|  |TAMS 0x00000000c7600000, 0x00000000c7500000| Untracked 
| 118|0x00000000c7600000, 0x00000000c7700000, 0x00000000c7700000|100%| O|  |TAMS 0x00000000c7700000, 0x00000000c7600000| Untracked 
| 119|0x00000000c7700000, 0x00000000c7800000, 0x00000000c7800000|100%| O|  |TAMS 0x00000000c7800000, 0x00000000c7700000| Untracked 
| 120|0x00000000c7800000, 0x00000000c7900000, 0x00000000c7900000|100%| O|  |TAMS 0x00000000c7900000, 0x00000000c7800000| Untracked 
| 121|0x00000000c7900000, 0x00000000c7a00000, 0x00000000c7a00000|100%| O|  |TAMS 0x00000000c7a00000, 0x00000000c7900000| Untracked 
| 122|0x00000000c7a00000, 0x00000000c7b00000, 0x00000000c7b00000|100%| O|  |TAMS 0x00000000c7b00000, 0x00000000c7a00000| Untracked 
| 123|0x00000000c7b00000, 0x00000000c7c00000, 0x00000000c7c00000|100%| O|  |TAMS 0x00000000c7c00000, 0x00000000c7b00000| Untracked 
| 124|0x00000000c7c00000, 0x00000000c7d00000, 0x00000000c7d00000|100%| O|  |TAMS 0x00000000c7d00000, 0x00000000c7c00000| Untracked 
| 125|0x00000000c7d00000, 0x00000000c7e00000, 0x00000000c7e00000|100%| O|  |TAMS 0x00000000c7e00000, 0x00000000c7d00000| Untracked 
| 126|0x00000000c7e00000, 0x00000000c7f00000, 0x00000000c7f00000|100%| O|  |TAMS 0x00000000c7f00000, 0x00000000c7e00000| Untracked 
| 127|0x00000000c7f00000, 0x00000000c8000000, 0x00000000c8000000|100%| O|  |TAMS 0x00000000c8000000, 0x00000000c7f00000| Untracked 
| 128|0x00000000c8000000, 0x00000000c8100000, 0x00000000c8100000|100%| O|  |TAMS 0x00000000c8100000, 0x00000000c8000000| Untracked 
| 129|0x00000000c8100000, 0x00000000c8200000, 0x00000000c8200000|100%| O|  |TAMS 0x00000000c8200000, 0x00000000c8100000| Untracked 
| 130|0x00000000c8200000, 0x00000000c8300000, 0x00000000c8300000|100%| O|  |TAMS 0x00000000c8300000, 0x00000000c8200000| Untracked 
| 131|0x00000000c8300000, 0x00000000c8400000, 0x00000000c8400000|100%| O|  |TAMS 0x00000000c8400000, 0x00000000c8300000| Untracked 
| 132|0x00000000c8400000, 0x00000000c8500000, 0x00000000c8500000|100%| O|  |TAMS 0x00000000c8500000, 0x00000000c8400000| Untracked 
| 133|0x00000000c8500000, 0x00000000c8600000, 0x00000000c8600000|100%| O|  |TAMS 0x00000000c8600000, 0x00000000c8500000| Untracked 
| 134|0x00000000c8600000, 0x00000000c8700000, 0x00000000c8700000|100%| O|  |TAMS 0x00000000c8700000, 0x00000000c8600000| Untracked 
| 135|0x00000000c8700000, 0x00000000c8800000, 0x00000000c8800000|100%| O|  |TAMS 0x00000000c8800000, 0x00000000c8700000| Untracked 
| 136|0x00000000c8800000, 0x00000000c8900000, 0x00000000c8900000|100%| O|  |TAMS 0x00000000c8900000, 0x00000000c8800000| Untracked 
| 137|0x00000000c8900000, 0x00000000c8a00000, 0x00000000c8a00000|100%| O|  |TAMS 0x00000000c8a00000, 0x00000000c8900000| Untracked 
| 138|0x00000000c8a00000, 0x00000000c8b00000, 0x00000000c8b00000|100%| O|  |TAMS 0x00000000c8b00000, 0x00000000c8a00000| Untracked 
| 139|0x00000000c8b00000, 0x00000000c8c00000, 0x00000000c8c00000|100%| O|  |TAMS 0x00000000c8c00000, 0x00000000c8b00000| Untracked 
| 140|0x00000000c8c00000, 0x00000000c8d00000, 0x00000000c8d00000|100%| O|  |TAMS 0x00000000c8cc3c00, 0x00000000c8c00000| Untracked 
| 141|0x00000000c8d00000, 0x00000000c8e00000, 0x00000000c8e00000|100%| O|  |TAMS 0x00000000c8d00000, 0x00000000c8d00000| Untracked 
| 142|0x00000000c8e00000, 0x00000000c8f00000, 0x00000000c8f00000|100%| O|  |TAMS 0x00000000c8e00000, 0x00000000c8e00000| Untracked 
| 143|0x00000000c8f00000, 0x00000000c9000000, 0x00000000c9000000|100%| O|  |TAMS 0x00000000c8f00000, 0x00000000c8f00000| Untracked 
| 144|0x00000000c9000000, 0x00000000c9100000, 0x00000000c9100000|100%| O|  |TAMS 0x00000000c9000000, 0x00000000c9000000| Untracked 
| 145|0x00000000c9100000, 0x00000000c9200000, 0x00000000c9200000|100%| O|  |TAMS 0x00000000c9100000, 0x00000000c9100000| Untracked 
| 146|0x00000000c9200000, 0x00000000c9300000, 0x00000000c9300000|100%| O|  |TAMS 0x00000000c9200000, 0x00000000c9200000| Untracked 
| 147|0x00000000c9300000, 0x00000000c9400000, 0x00000000c9400000|100%| O|  |TAMS 0x00000000c9300000, 0x00000000c9300000| Untracked 
| 148|0x00000000c9400000, 0x00000000c9500000, 0x00000000c9500000|100%| O|  |TAMS 0x00000000c9400000, 0x00000000c9400000| Untracked 
| 149|0x00000000c9500000, 0x00000000c9600000, 0x00000000c9600000|100%| O|  |TAMS 0x00000000c9500000, 0x00000000c9500000| Untracked 
| 150|0x00000000c9600000, 0x00000000c9700000, 0x00000000c9700000|100%| O|  |TAMS 0x00000000c9600000, 0x00000000c9600000| Untracked 
| 151|0x00000000c9700000, 0x00000000c9800000, 0x00000000c9800000|100%| O|  |TAMS 0x00000000c9700000, 0x00000000c9700000| Untracked 
| 152|0x00000000c9800000, 0x00000000c9900000, 0x00000000c9900000|100%| O|  |TAMS 0x00000000c9800000, 0x00000000c9800000| Untracked 
| 153|0x00000000c9900000, 0x00000000c9a00000, 0x00000000c9a00000|100%| O|  |TAMS 0x00000000c9900000, 0x00000000c9900000| Untracked 
| 154|0x00000000c9a00000, 0x00000000c9b00000, 0x00000000c9b00000|100%| O|  |TAMS 0x00000000c9a00000, 0x00000000c9a00000| Untracked 
| 155|0x00000000c9b00000, 0x00000000c9c00000, 0x00000000c9c00000|100%| O|  |TAMS 0x00000000c9b00000, 0x00000000c9b00000| Untracked 
| 156|0x00000000c9c00000, 0x00000000c9c05600, 0x00000000c9d00000|  2%| O|  |TAMS 0x00000000c9c00000, 0x00000000c9c00000| Updating 
| 157|0x00000000c9d00000, 0x00000000c9d00000, 0x00000000c9e00000|  0%| F|  |TAMS 0x00000000c9d00000, 0x00000000c9d00000| Untracked 
| 158|0x00000000c9e00000, 0x00000000c9e00000, 0x00000000c9f00000|  0%| F|  |TAMS 0x00000000c9e00000, 0x00000000c9e00000| Untracked 
| 159|0x00000000c9f00000, 0x00000000c9f00000, 0x00000000ca000000|  0%| F|  |TAMS 0x00000000c9f00000, 0x00000000c9f00000| Untracked 
| 160|0x00000000ca000000, 0x00000000ca000000, 0x00000000ca100000|  0%| F|  |TAMS 0x00000000ca000000, 0x00000000ca000000| Untracked 
| 161|0x00000000ca100000, 0x00000000ca100000, 0x00000000ca200000|  0%| F|  |TAMS 0x00000000ca100000, 0x00000000ca100000| Untracked 
| 162|0x00000000ca200000, 0x00000000ca200000, 0x00000000ca300000|  0%| F|  |TAMS 0x00000000ca200000, 0x00000000ca200000| Untracked 
| 163|0x00000000ca300000, 0x00000000ca300000, 0x00000000ca400000|  0%| F|  |TAMS 0x00000000ca300000, 0x00000000ca300000| Untracked 
| 164|0x00000000ca400000, 0x00000000ca400000, 0x00000000ca500000|  0%| F|  |TAMS 0x00000000ca400000, 0x00000000ca400000| Untracked 
| 165|0x00000000ca500000, 0x00000000ca500000, 0x00000000ca600000|  0%| F|  |TAMS 0x00000000ca500000, 0x00000000ca500000| Untracked 
| 166|0x00000000ca600000, 0x00000000ca600000, 0x00000000ca700000|  0%| F|  |TAMS 0x00000000ca600000, 0x00000000ca600000| Untracked 
| 167|0x00000000ca700000, 0x00000000ca700000, 0x00000000ca800000|  0%| F|  |TAMS 0x00000000ca700000, 0x00000000ca700000| Untracked 
| 168|0x00000000ca800000, 0x00000000ca800000, 0x00000000ca900000|  0%| F|  |TAMS 0x00000000ca800000, 0x00000000ca800000| Untracked 
| 169|0x00000000ca900000, 0x00000000ca900000, 0x00000000caa00000|  0%| F|  |TAMS 0x00000000ca900000, 0x00000000ca900000| Untracked 
| 170|0x00000000caa00000, 0x00000000caa00000, 0x00000000cab00000|  0%| F|  |TAMS 0x00000000caa00000, 0x00000000caa00000| Untracked 
| 171|0x00000000cab00000, 0x00000000cab00000, 0x00000000cac00000|  0%| F|  |TAMS 0x00000000cab00000, 0x00000000cab00000| Untracked 
| 172|0x00000000cac00000, 0x00000000cac00000, 0x00000000cad00000|  0%| F|  |TAMS 0x00000000cac00000, 0x00000000cac00000| Untracked 
| 173|0x00000000cad00000, 0x00000000cad00000, 0x00000000cae00000|  0%| F|  |TAMS 0x00000000cad00000, 0x00000000cad00000| Untracked 
| 174|0x00000000cae00000, 0x00000000cae00000, 0x00000000caf00000|  0%| F|  |TAMS 0x00000000cae00000, 0x00000000cae00000| Untracked 
| 175|0x00000000caf00000, 0x00000000caf00000, 0x00000000cb000000|  0%| F|  |TAMS 0x00000000caf00000, 0x00000000caf00000| Untracked 
| 176|0x00000000cb000000, 0x00000000cb000000, 0x00000000cb100000|  0%| F|  |TAMS 0x00000000cb000000, 0x00000000cb000000| Untracked 
| 177|0x00000000cb100000, 0x00000000cb100000, 0x00000000cb200000|  0%| F|  |TAMS 0x00000000cb100000, 0x00000000cb100000| Untracked 
| 178|0x00000000cb200000, 0x00000000cb200000, 0x00000000cb300000|  0%| F|  |TAMS 0x00000000cb200000, 0x00000000cb200000| Untracked 
| 179|0x00000000cb300000, 0x00000000cb300000, 0x00000000cb400000|  0%| F|  |TAMS 0x00000000cb300000, 0x00000000cb300000| Untracked 
| 180|0x00000000cb400000, 0x00000000cb400000, 0x00000000cb500000|  0%| F|  |TAMS 0x00000000cb400000, 0x00000000cb400000| Untracked 
| 181|0x00000000cb500000, 0x00000000cb500000, 0x00000000cb600000|  0%| F|  |TAMS 0x00000000cb500000, 0x00000000cb500000| Untracked 
| 182|0x00000000cb600000, 0x00000000cb600000, 0x00000000cb700000|  0%| F|  |TAMS 0x00000000cb600000, 0x00000000cb600000| Untracked 
| 183|0x00000000cb700000, 0x00000000cb700000, 0x00000000cb800000|  0%| F|  |TAMS 0x00000000cb700000, 0x00000000cb700000| Untracked 
| 184|0x00000000cb800000, 0x00000000cb800000, 0x00000000cb900000|  0%| F|  |TAMS 0x00000000cb800000, 0x00000000cb800000| Untracked 
| 185|0x00000000cb900000, 0x00000000cb900000, 0x00000000cba00000|  0%| F|  |TAMS 0x00000000cb900000, 0x00000000cb900000| Untracked 
| 186|0x00000000cba00000, 0x00000000cba00000, 0x00000000cbb00000|  0%| F|  |TAMS 0x00000000cba00000, 0x00000000cba00000| Untracked 
| 187|0x00000000cbb00000, 0x00000000cbb00000, 0x00000000cbc00000|  0%| F|  |TAMS 0x00000000cbb00000, 0x00000000cbb00000| Untracked 
| 188|0x00000000cbc00000, 0x00000000cbc00000, 0x00000000cbd00000|  0%| F|  |TAMS 0x00000000cbc00000, 0x00000000cbc00000| Untracked 
| 189|0x00000000cbd00000, 0x00000000cbd00000, 0x00000000cbe00000|  0%| F|  |TAMS 0x00000000cbd00000, 0x00000000cbd00000| Untracked 
| 190|0x00000000cbe00000, 0x00000000cbe00000, 0x00000000cbf00000|  0%| F|  |TAMS 0x00000000cbe00000, 0x00000000cbe00000| Untracked 
| 191|0x00000000cbf00000, 0x00000000cbf00000, 0x00000000cc000000|  0%| F|  |TAMS 0x00000000cbf00000, 0x00000000cbf00000| Untracked 
| 192|0x00000000cc000000, 0x00000000cc000000, 0x00000000cc100000|  0%| F|  |TAMS 0x00000000cc000000, 0x00000000cc000000| Untracked 
| 193|0x00000000cc100000, 0x00000000cc100000, 0x00000000cc200000|  0%| F|  |TAMS 0x00000000cc100000, 0x00000000cc100000| Untracked 
| 194|0x00000000cc200000, 0x00000000cc200000, 0x00000000cc300000|  0%| F|  |TAMS 0x00000000cc200000, 0x00000000cc200000| Untracked 
| 195|0x00000000cc300000, 0x00000000cc300000, 0x00000000cc400000|  0%| F|  |TAMS 0x00000000cc300000, 0x00000000cc300000| Untracked 
| 196|0x00000000cc400000, 0x00000000cc400000, 0x00000000cc500000|  0%| F|  |TAMS 0x00000000cc400000, 0x00000000cc400000| Untracked 
| 197|0x00000000cc500000, 0x00000000cc500000, 0x00000000cc600000|  0%| F|  |TAMS 0x00000000cc500000, 0x00000000cc500000| Untracked 
| 198|0x00000000cc600000, 0x00000000cc600000, 0x00000000cc700000|  0%| F|  |TAMS 0x00000000cc600000, 0x00000000cc600000| Untracked 
| 199|0x00000000cc700000, 0x00000000cc700000, 0x00000000cc800000|  0%| F|  |TAMS 0x00000000cc700000, 0x00000000cc700000| Untracked 
| 200|0x00000000cc800000, 0x00000000cc900000, 0x00000000cc900000|100%| S|CS|TAMS 0x00000000cc800000, 0x00000000cc800000| Complete 
| 201|0x00000000cc900000, 0x00000000cca00000, 0x00000000cca00000|100%| S|CS|TAMS 0x00000000cc900000, 0x00000000cc900000| Complete 
| 202|0x00000000cca00000, 0x00000000ccb00000, 0x00000000ccb00000|100%| S|CS|TAMS 0x00000000cca00000, 0x00000000cca00000| Complete 
| 203|0x00000000ccb00000, 0x00000000ccb00000, 0x00000000ccc00000|  0%| F|  |TAMS 0x00000000ccb00000, 0x00000000ccb00000| Untracked 
| 204|0x00000000ccc00000, 0x00000000ccc00000, 0x00000000ccd00000|  0%| F|  |TAMS 0x00000000ccc00000, 0x00000000ccc00000| Untracked 
| 205|0x00000000ccd00000, 0x00000000ccd00000, 0x00000000cce00000|  0%| F|  |TAMS 0x00000000ccd00000, 0x00000000ccd00000| Untracked 
| 206|0x00000000cce00000, 0x00000000cce00000, 0x00000000ccf00000|  0%| F|  |TAMS 0x00000000cce00000, 0x00000000cce00000| Untracked 
| 207|0x00000000ccf00000, 0x00000000ccf00000, 0x00000000cd000000|  0%| F|  |TAMS 0x00000000ccf00000, 0x00000000ccf00000| Untracked 
| 208|0x00000000cd000000, 0x00000000cd000000, 0x00000000cd100000|  0%| F|  |TAMS 0x00000000cd000000, 0x00000000cd000000| Untracked 
| 209|0x00000000cd100000, 0x00000000cd100000, 0x00000000cd200000|  0%| F|  |TAMS 0x00000000cd100000, 0x00000000cd100000| Untracked 
| 210|0x00000000cd200000, 0x00000000cd200000, 0x00000000cd300000|  0%| F|  |TAMS 0x00000000cd200000, 0x00000000cd200000| Untracked 
| 211|0x00000000cd300000, 0x00000000cd300000, 0x00000000cd400000|  0%| F|  |TAMS 0x00000000cd300000, 0x00000000cd300000| Untracked 
| 212|0x00000000cd400000, 0x00000000cd400000, 0x00000000cd500000|  0%| F|  |TAMS 0x00000000cd400000, 0x00000000cd400000| Untracked 
| 213|0x00000000cd500000, 0x00000000cd500000, 0x00000000cd600000|  0%| F|  |TAMS 0x00000000cd500000, 0x00000000cd500000| Untracked 
| 214|0x00000000cd600000, 0x00000000cd600000, 0x00000000cd700000|  0%| F|  |TAMS 0x00000000cd600000, 0x00000000cd600000| Untracked 
| 215|0x00000000cd700000, 0x00000000cd700000, 0x00000000cd800000|  0%| F|  |TAMS 0x00000000cd700000, 0x00000000cd700000| Untracked 
| 216|0x00000000cd800000, 0x00000000cd800000, 0x00000000cd900000|  0%| F|  |TAMS 0x00000000cd800000, 0x00000000cd800000| Untracked 
| 217|0x00000000cd900000, 0x00000000cd900000, 0x00000000cda00000|  0%| F|  |TAMS 0x00000000cd900000, 0x00000000cd900000| Untracked 
| 218|0x00000000cda00000, 0x00000000cda00000, 0x00000000cdb00000|  0%| F|  |TAMS 0x00000000cda00000, 0x00000000cda00000| Untracked 
| 219|0x00000000cdb00000, 0x00000000cdb00000, 0x00000000cdc00000|  0%| F|  |TAMS 0x00000000cdb00000, 0x00000000cdb00000| Untracked 
| 220|0x00000000cdc00000, 0x00000000cdc00000, 0x00000000cdd00000|  0%| F|  |TAMS 0x00000000cdc00000, 0x00000000cdc00000| Untracked 
| 221|0x00000000cdd00000, 0x00000000cddaf050, 0x00000000cde00000| 68%| E|  |TAMS 0x00000000cdd00000, 0x00000000cdd00000| Complete 
| 222|0x00000000cde00000, 0x00000000cdf00000, 0x00000000cdf00000|100%| E|  |TAMS 0x00000000cde00000, 0x00000000cde00000| Complete 
| 223|0x00000000cdf00000, 0x00000000ce000000, 0x00000000ce000000|100%| E|CS|TAMS 0x00000000cdf00000, 0x00000000cdf00000| Complete 
| 224|0x00000000ce000000, 0x00000000ce100000, 0x00000000ce100000|100%| E|CS|TAMS 0x00000000ce000000, 0x00000000ce000000| Complete 

Card table byte_map: [0x000001c074670000,0x000001c074870000] _byte_map_base: 0x000001c074070000

Marking Bits (Prev, Next): (CMBitMap*) 0x000001c0748cb420, (CMBitMap*) 0x000001c0748cb460
 Prev Bits: [0x000001c078150000, 0x000001c079150000)
 Next Bits: [0x000001c079150000, 0x000001c07a150000)

Polling page: 0x000001c0727d0000

Metaspace:

Usage:
  Non-class:     18.73 MB used.
      Class:      2.45 MB used.
       Both:     21.17 MB used.

Virtual space:
  Non-class space:       24.00 MB reserved,      18.81 MB ( 78%) committed,  3 nodes.
      Class space:        1.00 GB reserved,       2.56 MB ( <1%) committed,  1 nodes.
             Both:        1.02 GB reserved,      21.38 MB (  2%) committed. 

Chunk freelists:
   Non-Class:  256.00 KB
       Class:  1.28 MB
        Both:  1.53 MB

MaxMetaspaceSize: unlimited
CompressedClassSpaceSize: 1.00 GB
Initial GC threshold: 21.00 MB
Current GC threshold: 35.44 MB
CDS: off
MetaspaceReclaimPolicy: balanced
 - commit_granule_bytes: 65536.
 - commit_granule_words: 8192.
 - virtual_space_node_default_size: 1048576.
 - enlarge_chunks_in_place: 1.
 - new_chunks_are_fully_committed: 0.
 - uncommit_free_chunks: 1.
 - use_allocation_guard: 0.
 - handle_deallocations: 1.


Internal statistics:

num_allocs_failed_limit: 3.
num_arena_births: 194.
num_arena_deaths: 0.
num_vsnodes_births: 4.
num_vsnodes_deaths: 0.
num_space_committed: 342.
num_space_uncommitted: 0.
num_chunks_returned_to_freelist: 3.
num_chunks_taken_from_freelist: 659.
num_chunk_merges: 3.
num_chunk_splits: 448.
num_chunks_enlarged: 352.
num_purges: 0.
num_inconsistent_stats: 0.

CodeHeap 'non-profiled nmethods': size=120064Kb used=1682Kb max_used=1682Kb free=118381Kb
 bounds [0x000001c007ac0000, 0x000001c007d30000, 0x000001c00f000000]
CodeHeap 'profiled nmethods': size=120000Kb used=6487Kb max_used=6487Kb free=113512Kb
 bounds [0x000001c000590000, 0x000001c000bf0000, 0x000001c007ac0000]
CodeHeap 'non-nmethods': size=5696Kb used=1427Kb max_used=1501Kb free=4268Kb
 bounds [0x000001c000000000, 0x000001c000270000, 0x000001c000590000]
 total_blobs=4094 nmethods=3319 adapters=686
 compilation: enabled
              stopped_count=0, restarted_count=0
 full_count=0

Compilation events (20 events):
Event: 10.306 Thread 0x000001c07c565a10 3319       4       com.sun.javafx.sg.prism.NGImageView::doRender (24 bytes)
Event: 10.307 Thread 0x000001c07c565a10 nmethod 3319 0x000001c007c60090 code [0x000001c007c60220, 0x000001c007c60328]
Event: 10.307 Thread 0x000001c07c565a10 3320       4       com.sun.javafx.sg.prism.NGImageView::renderContent (248 bytes)
Event: 10.314 Thread 0x000001c07c565a10 nmethod 3320 0x000001c007c60410 code [0x000001c007c60620, 0x000001c007c60da8]
Event: 10.314 Thread 0x000001c07c565a10 3321       4       com.sun.javafx.sg.prism.NGShape::renderContent (458 bytes)
Event: 10.316 Thread 0x000001c07c565a10 nmethod 3321 0x000001c007c61710 code [0x000001c007c618c0, 0x000001c007c61aa8]
Event: 10.503 Thread 0x000001c07c565a10 3322       4       java.util.Collections::unmodifiableList (47 bytes)
Event: 10.505 Thread 0x000001c07c565a10 nmethod 3322 0x000001c007c61d90 code [0x000001c007c61f20, 0x000001c007c62118]
Event: 10.505 Thread 0x000001c07c565a10 3323       4       javafx.collections.ListChangeBuilder$SingleChange::getFrom (12 bytes)
Event: 10.506 Thread 0x000001c07c565a10 nmethod 3323 0x000001c007c62210 code [0x000001c007c62380, 0x000001c007c62438]
Event: 10.508 Thread 0x000001c07c565a10 3324       4       javafx.beans.property.DoublePropertyBase::invalidated (1 bytes)
Event: 10.508 Thread 0x000001c07c565a10 nmethod 3324 0x000001c007c62510 code [0x000001c007c62680, 0x000001c007c626f8]
Event: 10.508 Thread 0x000001c07c565a10 3325       4       java.util.HashMap::resize (356 bytes)
Event: 10.539 Thread 0x000001c07c565a10 nmethod 3325 0x000001c007c62810 code [0x000001c007c629e0, 0x000001c007c636d8]
Event: 10.558 Thread 0x000001c07c565a10 3326       4       com.sun.javafx.css.BitSet::hashCode (50 bytes)
Event: 10.561 Thread 0x000001c07c565a10 nmethod 3326 0x000001c007c63a90 code [0x000001c007c63c00, 0x000001c007c63d78]
Event: 10.565 Thread 0x000001c07d008070 3327  s    1       com.sun.javafx.iio.jpeg.JPEGImageLoader$Lock::isLocked (5 bytes)
Event: 10.565 Thread 0x000001c07d008070 nmethod 3327 0x000001c007c63e90 code [0x000001c007c64020, 0x000001c007c64198]
Event: 10.567 Thread 0x000001c07c565a10 3328       4       java.util.HashMap$EntryIterator::next (5 bytes)
Event: 10.573 Thread 0x000001c07c565a10 nmethod 3328 0x000001c007c64210 code [0x000001c007c643a0, 0x000001c007c647d8]

GC Heap History (20 events):
Event: 5.364 GC heap before
{Heap before GC invocations=14 (full 0):
 garbage-first heap   total 101376K, used 62347K [0x00000000c0000000, 0x0000000100000000)
  region size 1024K, 5 young (5120K), 1 survivors (1024K)
 Metaspace       used 21542K, committed 21760K, reserved 1073152K
  class space    used 2506K, committed 2624K, reserved 1048576K
}
Event: 5.367 GC heap after
{Heap after GC invocations=15 (full 0):
 garbage-first heap   total 101376K, used 62661K [0x00000000c0000000, 0x0000000100000000)
  region size 1024K, 1 young (1024K), 1 survivors (1024K)
 Metaspace       used 21542K, committed 21760K, reserved 1073152K
  class space    used 2506K, committed 2624K, reserved 1048576K
}
Event: 5.756 GC heap before
{Heap before GC invocations=15 (full 0):
 garbage-first heap   total 101376K, used 70853K [0x00000000c0000000, 0x0000000100000000)
  region size 1024K, 10 young (10240K), 1 survivors (1024K)
 Metaspace       used 21585K, committed 21824K, reserved 1073152K
  class space    used 2507K, committed 2624K, reserved 1048576K
}
Event: 5.760 GC heap after
{Heap after GC invocations=16 (full 0):
 garbage-first heap   total 101376K, used 70569K [0x00000000c0000000, 0x0000000100000000)
  region size 1024K, 2 young (2048K), 2 survivors (2048K)
 Metaspace       used 21585K, committed 21824K, reserved 1073152K
  class space    used 2507K, committed 2624K, reserved 1048576K
}
Event: 5.828 GC heap before
{Heap before GC invocations=17 (full 0):
 garbage-first heap   total 121856K, used 75689K [0x00000000c0000000, 0x0000000100000000)
  region size 1024K, 8 young (8192K), 2 survivors (2048K)
 Metaspace       used 21611K, committed 21824K, reserved 1073152K
  class space    used 2507K, committed 2624K, reserved 1048576K
}
Event: 5.831 GC heap after
{Heap after GC invocations=18 (full 0):
 garbage-first heap   total 121856K, used 75600K [0x00000000c0000000, 0x0000000100000000)
  region size 1024K, 1 young (1024K), 1 survivors (1024K)
 Metaspace       used 21611K, committed 21824K, reserved 1073152K
  class space    used 2507K, committed 2624K, reserved 1048576K
}
Event: 6.095 GC heap before
{Heap before GC invocations=18 (full 0):
 garbage-first heap   total 121856K, used 85840K [0x00000000c0000000, 0x0000000100000000)
  region size 1024K, 12 young (12288K), 1 survivors (1024K)
 Metaspace       used 21634K, committed 21888K, reserved 1073152K
  class space    used 2507K, committed 2624K, reserved 1048576K
}
Event: 6.100 GC heap after
{Heap after GC invocations=19 (full 0):
 garbage-first heap   total 121856K, used 85096K [0x00000000c0000000, 0x0000000100000000)
  region size 1024K, 2 young (2048K), 2 survivors (2048K)
 Metaspace       used 21634K, committed 21888K, reserved 1073152K
  class space    used 2507K, committed 2624K, reserved 1048576K
}
Event: 6.294 GC heap before
{Heap before GC invocations=20 (full 0):
 garbage-first heap   total 145408K, used 91240K [0x00000000c0000000, 0x0000000100000000)
  region size 1024K, 10 young (10240K), 2 survivors (2048K)
 Metaspace       used 21638K, committed 21888K, reserved 1073152K
  class space    used 2507K, committed 2624K, reserved 1048576K
}
Event: 6.304 GC heap after
{Heap after GC invocations=21 (full 0):
 garbage-first heap   total 145408K, used 91479K [0x00000000c0000000, 0x0000000100000000)
  region size 1024K, 2 young (2048K), 2 survivors (2048K)
 Metaspace       used 21638K, committed 21888K, reserved 1073152K
  class space    used 2507K, committed 2624K, reserved 1048576K
}
Event: 6.528 GC heap before
{Heap before GC invocations=21 (full 0):
 garbage-first heap   total 145408K, used 102743K [0x00000000c0000000, 0x0000000100000000)
  region size 1024K, 15 young (15360K), 2 survivors (2048K)
 Metaspace       used 21663K, committed 21888K, reserved 1073152K
  class space    used 2507K, committed 2624K, reserved 1048576K
}
Event: 6.534 GC heap after
{Heap after GC invocations=22 (full 0):
 garbage-first heap   total 192512K, used 101802K [0x00000000c0000000, 0x0000000100000000)
  region size 1024K, 2 young (2048K), 2 survivors (2048K)
 Metaspace       used 21663K, committed 21888K, reserved 1073152K
  class space    used 2507K, committed 2624K, reserved 1048576K
}
Event: 8.202 GC heap before
{Heap before GC invocations=23 (full 0):
 garbage-first heap   total 192512K, used 125354K [0x00000000c0000000, 0x0000000100000000)
  region size 1024K, 27 young (27648K), 2 survivors (2048K)
 Metaspace       used 21674K, committed 21888K, reserved 1073152K
  class space    used 2507K, committed 2624K, reserved 1048576K
}
Event: 8.213 GC heap after
{Heap after GC invocations=24 (full 0):
 garbage-first heap   total 192512K, used 122764K [0x00000000c0000000, 0x0000000100000000)
  region size 1024K, 4 young (4096K), 4 survivors (4096K)
 Metaspace       used 21674K, committed 21888K, reserved 1073152K
  class space    used 2507K, committed 2624K, reserved 1048576K
}
Event: 9.224 GC heap before
{Heap before GC invocations=24 (full 0):
 garbage-first heap   total 192512K, used 139148K [0x00000000c0000000, 0x0000000100000000)
  region size 1024K, 21 young (21504K), 4 survivors (4096K)
 Metaspace       used 21677K, committed 21888K, reserved 1073152K
  class space    used 2507K, committed 2624K, reserved 1048576K
}
Event: 9.233 GC heap after
{Heap after GC invocations=25 (full 0):
 garbage-first heap   total 192512K, used 137023K [0x00000000c0000000, 0x0000000100000000)
  region size 1024K, 3 young (3072K), 3 survivors (3072K)
 Metaspace       used 21677K, committed 21888K, reserved 1073152K
  class space    used 2507K, committed 2624K, reserved 1048576K
}
Event: 9.808 GC heap before
{Heap before GC invocations=26 (full 0):
 garbage-first heap   total 230400K, used 147263K [0x00000000c0000000, 0x0000000100000000)
  region size 1024K, 14 young (14336K), 3 survivors (3072K)
 Metaspace       used 21677K, committed 21888K, reserved 1073152K
  class space    used 2507K, committed 2624K, reserved 1048576K
}
Event: 9.814 GC heap after
{Heap after GC invocations=27 (full 0):
 garbage-first heap   total 230400K, used 146191K [0x00000000c0000000, 0x0000000100000000)
  region size 1024K, 2 young (2048K), 2 survivors (2048K)
 Metaspace       used 21677K, committed 21888K, reserved 1073152K
  class space    used 2507K, committed 2624K, reserved 1048576K
}
Event: 10.522 GC heap before
{Heap before GC invocations=27 (full 0):
 garbage-first heap   total 230400K, used 165647K [0x00000000c0000000, 0x0000000100000000)
  region size 1024K, 22 young (22528K), 2 survivors (2048K)
 Metaspace       used 21682K, committed 21888K, reserved 1073152K
  class space    used 2507K, committed 2624K, reserved 1048576K
}
Event: 10.538 GC heap after
{Heap after GC invocations=28 (full 0):
 garbage-first heap   total 230400K, used 162837K [0x00000000c0000000, 0x0000000100000000)
  region size 1024K, 3 young (3072K), 3 survivors (3072K)
 Metaspace       used 21682K, committed 21888K, reserved 1073152K
  class space    used 2507K, committed 2624K, reserved 1048576K
}

Deoptimization events (20 events):
Event: 7.951 Thread 0x000001c07d612cb0 DEOPT PACKING pc=0x000001c007c03440 sp=0x0000006a18ffca00
Event: 7.951 Thread 0x000001c07d612cb0 DEOPT UNPACKING pc=0x000001c000055c23 sp=0x0000006a18ffc9f8 mode 2
Event: 7.951 Thread 0x000001c07d612cb0 Uncommon trap: trap_request=0xffffffd6 fr.pc=0x000001c007c03440 relative=0x00000000000017c0
Event: 7.951 Thread 0x000001c07d612cb0 Uncommon trap: reason=array_check action=maybe_recompile pc=0x000001c007c03440 method=javafx.css.SimpleSelector.applies(Ljavafx/css/Styleable;[Ljava/util/Set;I)Z @ 37 c2
Event: 7.951 Thread 0x000001c07d612cb0 DEOPT PACKING pc=0x000001c007c03440 sp=0x0000006a18ffca00
Event: 7.951 Thread 0x000001c07d612cb0 DEOPT UNPACKING pc=0x000001c000055c23 sp=0x0000006a18ffc9f8 mode 2
Event: 7.951 Thread 0x000001c07d612cb0 Uncommon trap: trap_request=0xffffffd6 fr.pc=0x000001c007c03440 relative=0x00000000000017c0
Event: 7.951 Thread 0x000001c07d612cb0 Uncommon trap: reason=array_check action=maybe_recompile pc=0x000001c007c03440 method=javafx.css.SimpleSelector.applies(Ljavafx/css/Styleable;[Ljava/util/Set;I)Z @ 37 c2
Event: 7.951 Thread 0x000001c07d612cb0 DEOPT PACKING pc=0x000001c007c03440 sp=0x0000006a18ffca00
Event: 7.951 Thread 0x000001c07d612cb0 DEOPT UNPACKING pc=0x000001c000055c23 sp=0x0000006a18ffc9f8 mode 2
Event: 7.951 Thread 0x000001c07d612cb0 Uncommon trap: trap_request=0xffffffd6 fr.pc=0x000001c007c03440 relative=0x00000000000017c0
Event: 7.951 Thread 0x000001c07d612cb0 Uncommon trap: reason=array_check action=maybe_recompile pc=0x000001c007c03440 method=javafx.css.SimpleSelector.applies(Ljavafx/css/Styleable;[Ljava/util/Set;I)Z @ 37 c2
Event: 7.951 Thread 0x000001c07d612cb0 DEOPT PACKING pc=0x000001c007c03440 sp=0x0000006a18ffca00
Event: 7.951 Thread 0x000001c07d612cb0 DEOPT UNPACKING pc=0x000001c000055c23 sp=0x0000006a18ffc9f8 mode 2
Event: 7.983 Thread 0x000001c07d612cb0 DEOPT PACKING pc=0x000001c000b4f754 sp=0x0000006a18ffdf70
Event: 7.983 Thread 0x000001c07d612cb0 DEOPT UNPACKING pc=0x000001c000056763 sp=0x0000006a18ffd530 mode 0
Event: 8.292 Thread 0x000001c07d612cb0 DEOPT PACKING pc=0x000001c000b4f754 sp=0x0000006a18ffdf70
Event: 8.292 Thread 0x000001c07d612cb0 DEOPT UNPACKING pc=0x000001c000056763 sp=0x0000006a18ffd530 mode 0
Event: 8.293 Thread 0x000001c07d612cb0 DEOPT PACKING pc=0x000001c000b2685f sp=0x0000006a18ffde80
Event: 8.293 Thread 0x000001c07d612cb0 DEOPT UNPACKING pc=0x000001c000056763 sp=0x0000006a18ffd530 mode 0

Classes unloaded (0 events):
No events

Classes redefined (0 events):
No events

Internal exceptions (20 events):
Event: 0.993 Thread 0x000001c07d612cb0 Exception <a 'java/lang/NoSuchMethodError'{0x00000000c3cd8ec8}: 'void java.lang.invoke.DirectMethodHandle$Holder.invokeStaticInit(java.lang.Object, java.lang.Object)'> (0x00000000c3cd8ec8) 
thrown [e:\jenkins\tmp\workspace\build\src\src\hotspot\share\interpreter\linkResolver.cpp, line 766]
Event: 1.144 Thread 0x000001c07d612cb0 Exception <a 'sun/nio/fs/WindowsException'{0x00000000c3722000}> (0x00000000c3722000) 
thrown [e:\jenkins\tmp\workspace\build\src\src\hotspot\share\prims\jni.cpp, line 516]
Event: 1.168 Thread 0x000001c07d612cb0 Implicit null exception at 0x000001c007b02ce0 to 0x000001c007b02d7a
Event: 1.185 Thread 0x000001c07d612cb0 Implicit null exception at 0x000001c007b0f80f to 0x000001c007b0fc44
Event: 1.186 Thread 0x000001c07d612cb0 Implicit null exception at 0x000001c007b0e38f to 0x000001c007b0e798
Event: 1.189 Thread 0x000001c07d612cb0 Implicit null exception at 0x000001c007b0f18f to 0x000001c007b0f209
Event: 1.313 Thread 0x000001c07d612cb0 Exception <a 'java/io/FileNotFoundException'{0x00000000c34d0400}> (0x00000000c34d0400) 
thrown [e:\jenkins\tmp\workspace\build\src\src\hotspot\share\prims\jni.cpp, line 516]
Event: 1.470 Thread 0x000001c07d612cb0 Exception <a 'java/lang/NoSuchMethodError'{0x00000000c2faf3d8}: 'java.lang.Object java.lang.invoke.DirectMethodHandle$Holder.invokeInterface(java.lang.Object, java.lang.Object, java.lang.Object)'> (0x00000000c2faf3d8) 
thrown [e:\jenkins\tmp\workspace\build\src\src\hotspot\share\interpreter\linkResolver.cpp, line 766]
Event: 1.470 Thread 0x000001c07d612cb0 Exception <a 'java/lang/IncompatibleClassChangeError'{0x00000000c2fb2d60}: Found class java.lang.Object, but interface was expected> (0x00000000c2fb2d60) 
thrown [e:\jenkins\tmp\workspace\build\src\src\hotspot\share\interpreter\linkResolver.cpp, line 833]
Event: 1.573 Thread 0x000001c07d612cb0 Exception <a 'java/lang/NoSuchMethodError'{0x00000000c2d62708}: 'java.lang.Object java.lang.invoke.DirectMethodHandle$Holder.newInvokeSpecial(java.lang.Object, java.lang.Object, int)'> (0x00000000c2d62708) 
thrown [e:\jenkins\tmp\workspace\build\src\src\hotspot\share\interpreter\linkResolver.cpp, line 766]
Event: 1.629 Thread 0x000001c07d39a8a0 Exception <a 'java/lang/NoSuchMethodError'{0x00000000c2deb1f8}: 'int java.lang.invoke.DirectMethodHandle$Holder.invokeStaticInit(java.lang.Object, java.lang.Object)'> (0x00000000c2deb1f8) 
thrown [e:\jenkins\tmp\workspace\build\src\src\hotspot\share\interpreter\linkResolver.cpp, line 766]
Event: 2.545 Thread 0x000001c07d612cb0 Exception <a 'java/lang/NoSuchMethodError'{0x00000000c3cc8e08}: 'long java.lang.invoke.DirectMethodHandle$Holder.invokeStatic(java.lang.Object, java.lang.Object, java.lang.Object)'> (0x00000000c3cc8e08) 
thrown [e:\jenkins\tmp\workspace\build\src\src\hotspot\share\interpreter\linkResolver.cpp, line 766]
Event: 2.545 Thread 0x000001c07d612cb0 Exception <a 'java/lang/NoSuchMethodError'{0x00000000c3ccc5b0}: 'long java.lang.invoke.DirectMethodHandle$Holder.invokeStaticInit(java.lang.Object, java.lang.Object, java.lang.Object)'> (0x00000000c3ccc5b0) 
thrown [e:\jenkins\tmp\workspace\build\src\src\hotspot\share\interpreter\linkResolver.cpp, line 766]
Event: 2.548 Thread 0x000001c07d612cb0 Exception <a 'java/lang/NoSuchMethodError'{0x00000000c3ce44a8}: 'java.lang.Object java.lang.invoke.DirectMethodHandle$Holder.newInvokeSpecial(java.lang.Object, java.lang.Object, long)'> (0x00000000c3ce44a8) 
thrown [e:\jenkins\tmp\workspace\build\src\src\hotspot\share\interpreter\linkResolver.cpp, line 766]
Event: 2.548 Thread 0x000001c07d612cb0 Exception <a 'java/lang/NoSuchMethodError'{0x00000000c3ce8018}: 'java.lang.Object java.lang.invoke.Invokers$Holder.linkToTargetMethod(java.lang.Object, long, java.lang.Object)'> (0x00000000c3ce8018) 
thrown [e:\jenkins\tmp\workspace\build\src\src\hotspot\share\interpreter\linkResolver.cpp, line 766]
Event: 3.156 Thread 0x000001c07d612cb0 Exception <a 'java/lang/NoSuchMethodError'{0x00000000c3a40c10}: 'java.lang.Object java.lang.invoke.DirectMethodHandle$Holder.newInvokeSpecial(java.lang.Object, java.lang.Object, int, int, int, int, int, java.lang.Object)'> (0x00000000c3a40c10) 
thrown [e:\jenkins\tmp\workspace\build\src\src\hotspot\share\interpreter\linkResolver.cpp, line 766]
Event: 3.158 Thread 0x000001c07d612cb0 Exception <a 'java/lang/NoSuchMethodError'{0x00000000c3a540b8}: 'java.lang.Object java.lang.invoke.DirectMethodHandle$Holder.newInvokeSpecial(java.lang.Object, java.lang.Object, java.lang.Object, int, int, int, int, int)'> (0x00000000c3a540b8) 
thrown [e:\jenkins\tmp\workspace\build\src\src\hotspot\share\interpreter\linkResolver.cpp, line 766]
Event: 3.160 Thread 0x000001c07d612cb0 Exception <a 'java/lang/NoSuchMethodError'{0x00000000c3a5b918}: 'java.lang.Object java.lang.invoke.Invokers$Holder.linkToTargetMethod(java.lang.Object, java.lang.Object, int, int, int, int, int, java.lang.Object)'> (0x00000000c3a5b918) 
thrown [e:\jenkins\tmp\workspace\build\src\src\hotspot\share\interpreter\linkResolver.cpp, line 766]
Event: 3.222 Thread 0x000001c07d612cb0 Exception <a 'sun/nio/fs/WindowsException'{0x00000000c3a644c8}> (0x00000000c3a644c8) 
thrown [e:\jenkins\tmp\workspace\build\src\src\hotspot\share\prims\jni.cpp, line 516]
Event: 4.587 Thread 0x000001c07d612cb0 Implicit null exception at 0x000001c007b8d340 to 0x000001c007b8d41c

VM Operations (20 events):
Event: 7.581 Executing VM operation: Cleanup done
Event: 8.200 Executing VM operation: G1CollectForAllocation
Event: 8.200 Executing VM operation: G1CollectForAllocation done
Event: 8.202 Executing VM operation: G1CollectForAllocation
Event: 8.214 Executing VM operation: G1CollectForAllocation done
Event: 9.214 Executing VM operation: Cleanup
Event: 9.224 Executing VM operation: Cleanup done
Event: 9.224 Executing VM operation: G1CollectForAllocation
Event: 9.240 Executing VM operation: G1CollectForAllocation done
Event: 9.271 Executing VM operation: G1Concurrent
Event: 9.284 Executing VM operation: G1Concurrent done
Event: 9.299 Executing VM operation: G1Concurrent
Event: 9.299 Executing VM operation: G1Concurrent done
Event: 9.808 Executing VM operation: G1CollectForAllocation
Event: 9.814 Executing VM operation: G1CollectForAllocation done
Event: 10.254 Executing VM operation: HandshakeAllThreads
Event: 10.254 Executing VM operation: HandshakeAllThreads done
Event: 10.522 Executing VM operation: G1CollectForAllocation
Event: 10.538 Executing VM operation: G1CollectForAllocation done
Event: 10.574 Executing VM operation: G1Concurrent

Events (20 events):
Event: 2.615 loading class java/util/LinkedHashMap$LinkedEntrySet done
Event: 2.615 loading class java/util/LinkedHashMap$LinkedEntryIterator
Event: 2.616 loading class java/util/LinkedHashMap$LinkedEntryIterator done
Event: 2.619 loading class jdk/internal/reflect/UnsafeObjectFieldAccessorImpl
Event: 2.619 loading class jdk/internal/reflect/UnsafeObjectFieldAccessorImpl done
Event: 3.226 loading class java/util/Random
Event: 3.226 loading class java/util/random/RandomGenerator
Event: 3.227 loading class java/util/random/RandomGenerator done
Event: 3.227 loading class java/util/Random done
Event: 3.249 loading class java/util/TreeSet
Event: 3.249 loading class java/util/NavigableSet
Event: 3.249 loading class java/util/SortedSet
Event: 3.249 loading class java/util/SortedSet done
Event: 3.249 loading class java/util/NavigableSet done
Event: 3.249 loading class java/util/TreeSet done
Event: 3.272 loading class java/util/regex/Pattern$1
Event: 3.272 loading class java/util/regex/Pattern$1 done
Event: 3.472 Loaded shared library C:\JavaFX\javafx-sdk-16\bin\javafx_iio.dll
Event: 9.170 loading class jdk/internal/access/foreign/MemorySegmentProxy
Event: 9.171 loading class jdk/internal/access/foreign/MemorySegmentProxy done


Dynamic libraries:
0x00007ff7f8100000 - 0x00007ff7f810e000 	C:\Program Files\Eclipse\plugins\org.eclipse.justj.openjdk.hotspot.jre.full.win32.x86_64_17.0.3.v20220515-1416\jre\bin\javaw.exe
0x00007ff879560000 - 0x00007ff879769000 	C:\Windows\SYSTEM32\ntdll.dll
0x00007ff878140000 - 0x00007ff8781fe000 	C:\Windows\System32\KERNEL32.DLL
0x00007ff876d10000 - 0x00007ff87708c000 	C:\Windows\System32\KERNELBASE.dll
0x00007ff876b50000 - 0x00007ff876c61000 	C:\Windows\System32\ucrtbase.dll
0x00007ff838520000 - 0x00007ff838539000 	C:\Program Files\Eclipse\plugins\org.eclipse.justj.openjdk.hotspot.jre.full.win32.x86_64_17.0.3.v20220515-1416\jre\bin\VCRUNTIME140.dll
0x00007ff862810000 - 0x00007ff862828000 	C:\Program Files\Eclipse\plugins\org.eclipse.justj.openjdk.hotspot.jre.full.win32.x86_64_17.0.3.v20220515-1416\jre\bin\jli.dll
0x00007ff877d00000 - 0x00007ff877ead000 	C:\Windows\System32\USER32.dll
0x00007ff877110000 - 0x00007ff877136000 	C:\Windows\System32\win32u.dll
0x00007ff878110000 - 0x00007ff878139000 	C:\Windows\System32\GDI32.dll
0x00007ff876a30000 - 0x00007ff876b48000 	C:\Windows\System32\gdi32full.dll
0x00007ff876c70000 - 0x00007ff876d0d000 	C:\Windows\System32\msvcp_win.dll
0x00007ff851390000 - 0x00007ff851635000 	C:\Windows\WinSxS\amd64_microsoft.windows.common-controls_6595b64144ccf1df_6.0.22000.120_none_9d947278b86cc467\COMCTL32.dll
0x00007ff878ca0000 - 0x00007ff878d43000 	C:\Windows\System32\msvcrt.dll
0x00007ff8783c0000 - 0x00007ff8783f1000 	C:\Windows\System32\IMM32.DLL
0x00007ff8384f0000 - 0x00007ff8384fc000 	C:\Program Files\Eclipse\plugins\org.eclipse.justj.openjdk.hotspot.jre.full.win32.x86_64_17.0.3.v20220515-1416\jre\bin\vcruntime140_1.dll
0x00007ff857f80000 - 0x00007ff858011000 	C:\Program Files\Eclipse\plugins\org.eclipse.justj.openjdk.hotspot.jre.full.win32.x86_64_17.0.3.v20220515-1416\jre\bin\msvcp140.dll
0x00007ff838540000 - 0x00007ff839188000 	C:\Program Files\Eclipse\plugins\org.eclipse.justj.openjdk.hotspot.jre.full.win32.x86_64_17.0.3.v20220515-1416\jre\bin\server\jvm.dll
0x00007ff878060000 - 0x00007ff87810e000 	C:\Windows\System32\ADVAPI32.dll
0x00007ff877f60000 - 0x00007ff877ffe000 	C:\Windows\System32\sechost.dll
0x00007ff877770000 - 0x00007ff877890000 	C:\Windows\System32\RPCRT4.dll
0x00007ff8788e0000 - 0x00007ff8788e8000 	C:\Windows\System32\PSAPI.DLL
0x00007ff853f00000 - 0x00007ff853f09000 	C:\Windows\SYSTEM32\WSOCK32.dll
0x00007ff878200000 - 0x00007ff87826f000 	C:\Windows\System32\WS2_32.dll
0x00007ff86b2d0000 - 0x00007ff86b303000 	C:\Windows\SYSTEM32\WINMM.dll
0x00007ff869990000 - 0x00007ff86999a000 	C:\Windows\SYSTEM32\VERSION.dll
0x00007ff875ab0000 - 0x00007ff875ac8000 	C:\Windows\SYSTEM32\kernel.appcore.dll
0x00007ff8384e0000 - 0x00007ff8384ea000 	C:\Program Files\Eclipse\plugins\org.eclipse.justj.openjdk.hotspot.jre.full.win32.x86_64_17.0.3.v20220515-1416\jre\bin\jimage.dll
0x00007ff867830000 - 0x00007ff867a51000 	C:\Windows\SYSTEM32\DBGHELP.DLL
0x00007ff869e60000 - 0x00007ff869e91000 	C:\Windows\SYSTEM32\dbgcore.DLL
0x00007ff877090000 - 0x00007ff87710f000 	C:\Windows\System32\bcryptPrimitives.dll
0x00007ff8384b0000 - 0x00007ff8384d5000 	C:\Program Files\Eclipse\plugins\org.eclipse.justj.openjdk.hotspot.jre.full.win32.x86_64_17.0.3.v20220515-1416\jre\bin\java.dll
0x00007ff838490000 - 0x00007ff8384a8000 	C:\Program Files\Eclipse\plugins\org.eclipse.justj.openjdk.hotspot.jre.full.win32.x86_64_17.0.3.v20220515-1416\jre\bin\zip.dll
0x00007ff878d50000 - 0x00007ff879515000 	C:\Windows\System32\SHELL32.dll
0x00007ff874b20000 - 0x00007ff875385000 	C:\Windows\SYSTEM32\windows.storage.dll
0x00007ff878410000 - 0x00007ff878786000 	C:\Windows\System32\combase.dll
0x00007ff8749b0000 - 0x00007ff874b16000 	C:\Windows\SYSTEM32\wintypes.dll
0x00007ff877680000 - 0x00007ff87776a000 	C:\Windows\System32\SHCORE.dll
0x00007ff8773e0000 - 0x00007ff87743d000 	C:\Windows\System32\shlwapi.dll
0x00007ff876960000 - 0x00007ff876981000 	C:\Windows\SYSTEM32\profapi.dll
0x00007ff8383c0000 - 0x00007ff8383d9000 	C:\Program Files\Eclipse\plugins\org.eclipse.justj.openjdk.hotspot.jre.full.win32.x86_64_17.0.3.v20220515-1416\jre\bin\net.dll
0x00007ff86f2f0000 - 0x00007ff86f402000 	C:\Windows\SYSTEM32\WINHTTP.dll
0x00007ff875f50000 - 0x00007ff875fb7000 	C:\Windows\system32\mswsock.dll
0x00007ff8383a0000 - 0x00007ff8383b5000 	C:\Program Files\Eclipse\plugins\org.eclipse.justj.openjdk.hotspot.jre.full.win32.x86_64_17.0.3.v20220515-1416\jre\bin\nio.dll
0x000001c072840000 - 0x000001c072843000 	C:\JavaFX\javafx-sdk-16\bin\api-ms-win-core-console-l1-1-0.dll
0x000001c072850000 - 0x000001c072853000 	C:\JavaFX\javafx-sdk-16\bin\api-ms-win-core-console-l1-2-0.dll
0x000001c072860000 - 0x000001c072863000 	C:\JavaFX\javafx-sdk-16\bin\api-ms-win-core-datetime-l1-1-0.dll
0x000001c072870000 - 0x000001c072873000 	C:\JavaFX\javafx-sdk-16\bin\api-ms-win-core-debug-l1-1-0.dll
0x000001c072880000 - 0x000001c072883000 	C:\JavaFX\javafx-sdk-16\bin\api-ms-win-core-errorhandling-l1-1-0.dll
0x000001c072890000 - 0x000001c072894000 	C:\JavaFX\javafx-sdk-16\bin\api-ms-win-core-file-l1-1-0.dll
0x000001c0728a0000 - 0x000001c0728a3000 	C:\JavaFX\javafx-sdk-16\bin\api-ms-win-core-file-l1-2-0.dll
0x000001c0728b0000 - 0x000001c0728b3000 	C:\JavaFX\javafx-sdk-16\bin\api-ms-win-core-file-l2-1-0.dll
0x000001c07c670000 - 0x000001c07c673000 	C:\JavaFX\javafx-sdk-16\bin\api-ms-win-core-handle-l1-1-0.dll
0x000001c07c680000 - 0x000001c07c683000 	C:\JavaFX\javafx-sdk-16\bin\api-ms-win-core-heap-l1-1-0.dll
0x000001c07c690000 - 0x000001c07c693000 	C:\JavaFX\javafx-sdk-16\bin\api-ms-win-core-interlocked-l1-1-0.dll
0x000001c07c6a0000 - 0x000001c07c6a3000 	C:\JavaFX\javafx-sdk-16\bin\api-ms-win-core-libraryloader-l1-1-0.dll
0x000001c07c6b0000 - 0x000001c07c6b3000 	C:\JavaFX\javafx-sdk-16\bin\api-ms-win-core-localization-l1-2-0.dll
0x000001c07c6c0000 - 0x000001c07c6c3000 	C:\JavaFX\javafx-sdk-16\bin\api-ms-win-core-memory-l1-1-0.dll
0x000001c07c6d0000 - 0x000001c07c6d3000 	C:\JavaFX\javafx-sdk-16\bin\api-ms-win-core-namedpipe-l1-1-0.dll
0x000001c07c6e0000 - 0x000001c07c6e3000 	C:\JavaFX\javafx-sdk-16\bin\api-ms-win-core-processenvironment-l1-1-0.dll
0x000001c07c6f0000 - 0x000001c07c6f3000 	C:\JavaFX\javafx-sdk-16\bin\api-ms-win-core-processthreads-l1-1-0.dll
0x000001c07c700000 - 0x000001c07c703000 	C:\JavaFX\javafx-sdk-16\bin\api-ms-win-core-processthreads-l1-1-1.dll
0x000001c07c710000 - 0x000001c07c713000 	C:\JavaFX\javafx-sdk-16\bin\api-ms-win-core-profile-l1-1-0.dll
0x000001c07c720000 - 0x000001c07c723000 	C:\JavaFX\javafx-sdk-16\bin\api-ms-win-core-rtlsupport-l1-1-0.dll
0x000001c07c730000 - 0x000001c07c733000 	C:\JavaFX\javafx-sdk-16\bin\api-ms-win-core-string-l1-1-0.dll
0x000001c07c740000 - 0x000001c07c743000 	C:\JavaFX\javafx-sdk-16\bin\api-ms-win-core-synch-l1-1-0.dll
0x000001c07c750000 - 0x000001c07c753000 	C:\JavaFX\javafx-sdk-16\bin\api-ms-win-core-synch-l1-2-0.dll
0x000001c07c760000 - 0x000001c07c763000 	C:\JavaFX\javafx-sdk-16\bin\api-ms-win-core-sysinfo-l1-1-0.dll
0x000001c07c770000 - 0x000001c07c773000 	C:\JavaFX\javafx-sdk-16\bin\api-ms-win-core-timezone-l1-1-0.dll
0x000001c07c780000 - 0x000001c07c783000 	C:\JavaFX\javafx-sdk-16\bin\api-ms-win-core-util-l1-1-0.dll
0x000001c07c790000 - 0x000001c07c793000 	C:\JavaFX\javafx-sdk-16\bin\api-ms-win-crt-conio-l1-1-0.dll
0x000001c07c7a0000 - 0x000001c07c7a4000 	C:\JavaFX\javafx-sdk-16\bin\api-ms-win-crt-convert-l1-1-0.dll
0x000001c07c7b0000 - 0x000001c07c7b3000 	C:\JavaFX\javafx-sdk-16\bin\api-ms-win-crt-environment-l1-1-0.dll
0x000001c07c7c0000 - 0x000001c07c7c3000 	C:\JavaFX\javafx-sdk-16\bin\api-ms-win-crt-filesystem-l1-1-0.dll
0x000001c07c7d0000 - 0x000001c07c7d3000 	C:\JavaFX\javafx-sdk-16\bin\api-ms-win-crt-heap-l1-1-0.dll
0x000001c07c7e0000 - 0x000001c07c7e3000 	C:\JavaFX\javafx-sdk-16\bin\api-ms-win-crt-locale-l1-1-0.dll
0x000001c07c7f0000 - 0x000001c07c7f5000 	C:\JavaFX\javafx-sdk-16\bin\api-ms-win-crt-math-l1-1-0.dll
0x000001c07dc00000 - 0x000001c07dc05000 	C:\JavaFX\javafx-sdk-16\bin\api-ms-win-crt-multibyte-l1-1-0.dll
0x000001c07dc10000 - 0x000001c07dc20000 	C:\JavaFX\javafx-sdk-16\bin\api-ms-win-crt-private-l1-1-0.dll
0x000001c07dc20000 - 0x000001c07dc23000 	C:\JavaFX\javafx-sdk-16\bin\api-ms-win-crt-process-l1-1-0.dll
0x000001c07dc30000 - 0x000001c07dc34000 	C:\JavaFX\javafx-sdk-16\bin\api-ms-win-crt-runtime-l1-1-0.dll
0x000001c07dc40000 - 0x000001c07dc44000 	C:\JavaFX\javafx-sdk-16\bin\api-ms-win-crt-stdio-l1-1-0.dll
0x000001c07dc50000 - 0x000001c07dc54000 	C:\JavaFX\javafx-sdk-16\bin\api-ms-win-crt-string-l1-1-0.dll
0x000001c07dc60000 - 0x000001c07dc63000 	C:\JavaFX\javafx-sdk-16\bin\api-ms-win-crt-time-l1-1-0.dll
0x000001c07dc70000 - 0x000001c07dc73000 	C:\JavaFX\javafx-sdk-16\bin\api-ms-win-crt-utility-l1-1-0.dll
0x00007ff854030000 - 0x00007ff85412c000 	C:\JavaFX\javafx-sdk-16\bin\ucrtbase.dll
0x00007ff85a710000 - 0x00007ff85a729000 	C:\JavaFX\javafx-sdk-16\bin\vcruntime140.dll
0x00007ff8626e0000 - 0x00007ff8626ec000 	C:\JavaFX\javafx-sdk-16\bin\vcruntime140_1.dll
0x00007ff8574f0000 - 0x00007ff857581000 	C:\JavaFX\javafx-sdk-16\bin\msvcp140.dll
0x00007ff85a510000 - 0x00007ff85a537000 	C:\JavaFX\javafx-sdk-16\bin\prism_d3d.dll
0x00007ff843710000 - 0x00007ff8438b6000 	C:\Windows\system32\d3d9.dll
0x00007ff8744a0000 - 0x00007ff8744cf000 	C:\Windows\SYSTEM32\dwmapi.dll
0x00007ff874220000 - 0x00007ff874258000 	C:\Windows\SYSTEM32\dxcore.dll
0x00007ff874130000 - 0x00007ff8741dc000 	C:\Windows\system32\uxtheme.dll
0x00007ff8726b0000 - 0x00007ff8726f4000 	C:\Windows\SYSTEM32\directxdatabasehelper.dll
0x00007ff875ad0000 - 0x00007ff875b04000 	C:\Windows\SYSTEM32\ntmarta.dll
0x00007ff859790000 - 0x00007ff8597d2000 	C:\JavaFX\javafx-sdk-16\bin\glass.dll
0x00007ff878bb0000 - 0x00007ff878c9c000 	C:\Windows\System32\COMDLG32.dll
0x00007ff878a10000 - 0x00007ff878baa000 	C:\Windows\System32\ole32.dll
0x00007ff878800000 - 0x00007ff8788d6000 	C:\Windows\System32\OLEAUT32.dll
0x00007ff8788f0000 - 0x00007ff878a0d000 	C:\Windows\System32\MSCTF.dll
0x00007ff871160000 - 0x00007ff871862000 	C:\Windows\SYSTEM32\d3d10warp.dll
0x00007ff85a450000 - 0x00007ff85a464000 	C:\JavaFX\javafx-sdk-16\bin\javafx_font.dll
0x00007ff86ccd0000 - 0x00007ff86cf2f000 	C:\Windows\SYSTEM32\dwrite.dll
0x00007ff877eb0000 - 0x00007ff877f5f000 	C:\Windows\System32\clbcatq.dll
0x00007ff870fb0000 - 0x00007ff87115e000 	C:\Windows\SYSTEM32\WindowsCodecs.dll
0x00007ff84e390000 - 0x00007ff84e3ed000 	C:\Windows\system32\dataexchange.dll
0x00007ff870be0000 - 0x00007ff870e46000 	C:\Windows\system32\twinapi.appcore.dll
0x00007ff859fb0000 - 0x00007ff859fe2000 	C:\Program Files\Common Files\Microsoft Shared\Ink\rtscom.dll
0x00007ff86d1e0000 - 0x00007ff86d30d000 	C:\Windows\SYSTEM32\textinputframework.dll
0x00007ff873b30000 - 0x00007ff873c61000 	C:\Windows\SYSTEM32\CoreMessaging.dll
0x00007ff871df0000 - 0x00007ff87215d000 	C:\Windows\SYSTEM32\CoreUIComponents.dll
0x00007ff8761b0000 - 0x00007ff8761bc000 	C:\Windows\SYSTEM32\CRYPTBASE.DLL
0x00007ff859d60000 - 0x00007ff859d8d000 	C:\JavaFX\javafx-sdk-16\bin\javafx_iio.dll

dbghelp: loaded successfully - version: 4.0.5 - missing functions: none
symbol engine: initialized successfully - sym options: 0x614 - pdb path: .;C:\Program Files\Eclipse\plugins\org.eclipse.justj.openjdk.hotspot.jre.full.win32.x86_64_17.0.3.v20220515-1416\jre\bin;C:\Windows\SYSTEM32;C:\Windows\WinSxS\amd64_microsoft.windows.common-controls_6595b64144ccf1df_6.0.22000.120_none_9d947278b86cc467;C:\Program Files\Eclipse\plugins\org.eclipse.justj.openjdk.hotspot.jre.full.win32.x86_64_17.0.3.v20220515-1416\jre\bin\server;C:\JavaFX\javafx-sdk-16\bin;C:\Program Files\Common Files\Microsoft Shared\Ink

VM Arguments:
jvm_args: -Dfile.encoding=UTF-8 --module-path=C:\Users\CS219-user\git\Danny-Elizabeth-Andres-SnakeGame\bin;C:\JavaFX\javafx-sdk-16\lib\javafx-swt.jar;C:\JavaFX\javafx-sdk-16\lib\javafx.base.jar;C:\JavaFX\javafx-sdk-16\lib\javafx.controls.jar;C:\JavaFX\javafx-sdk-16\lib\javafx.fxml.jar;C:\JavaFX\javafx-sdk-16\lib\javafx.graphics.jar;C:\JavaFX\javafx-sdk-16\lib\javafx.media.jar;C:\JavaFX\javafx-sdk-16\lib\javafx.swing.jar;C:\JavaFX\javafx-sdk-16\lib\javafx.web.jar;C:\Program Files\Eclipse\plugins\org.eclipse.fx.ide.css.jfx8_3.8.0.202204150904.jar -XX:+ShowCodeDetailsInExceptionMessages -Djdk.module.main=test 
java_command: test/application.Main
java_class_path (initial): <not set>
Launcher Type: SUN_STANDARD

[Global flags]
     intx CICompilerCount                          = 2                                         {product} {ergonomic}
     uint ConcGCThreads                            = 1                                         {product} {ergonomic}
     uint G1ConcRefinementThreads                  = 2                                         {product} {ergonomic}
   size_t G1HeapRegionSize                         = 1048576                                   {product} {ergonomic}
    uintx GCDrainStackTargetSize                   = 64                                        {product} {ergonomic}
   size_t InitialHeapSize                          = 67108864                                  {product} {ergonomic}
   size_t MarkStackSize                            = 4194304                                   {product} {ergonomic}
   size_t MaxHeapSize                              = 1073741824                                {product} {ergonomic}
   size_t MaxNewSize                               = 643825664                                 {product} {ergonomic}
   size_t MinHeapDeltaBytes                        = 1048576                                   {product} {ergonomic}
   size_t MinHeapSize                              = 8388608                                   {product} {ergonomic}
    uintx NonNMethodCodeHeapSize                   = 5826188                                {pd product} {ergonomic}
    uintx NonProfiledCodeHeapSize                  = 122916026                              {pd product} {ergonomic}
    uintx ProfiledCodeHeapSize                     = 122916026                              {pd product} {ergonomic}
    uintx ReservedCodeCacheSize                    = 251658240                              {pd product} {ergonomic}
     bool SegmentedCodeCache                       = true                                      {product} {ergonomic}
     bool ShowCodeDetailsInExceptionMessages       = true                                   {manageable} {command line}
   size_t SoftMaxHeapSize                          = 1073741824                             {manageable} {ergonomic}
     bool UseCompressedClassPointers               = true                           {product lp64_product} {ergonomic}
     bool UseCompressedOops                        = true                           {product lp64_product} {ergonomic}
     bool UseG1GC                                  = true                                      {product} {ergonomic}
     bool UseLargePagesIndividualAllocation        = false                                  {pd product} {ergonomic}

Logging:
Log output configuration:
 #0: stdout all=warning uptime,level,tags
 #1: stderr all=off uptime,level,tags

Environment Variables:
PATH=C:/Program Files/eclipse//plugins/org.eclipse.justj.openjdk.hotspot.jre.full.win32.x86_64_17.0.3.v20220515-1416/jre/bin/server;C:/Program Files/eclipse//plugins/org.eclipse.justj.openjdk.hotspot.jre.full.win32.x86_64_17.0.3.v20220515-1416/jre/bin;C:\Program Files\Python311\Scripts\;C:\Program Files\Python311\;C:\Program Files\Common Files\Oracle\Java\javapath;C:\Windows\system32;C:\Windows;C:\Windows\System32\Wbem;C:\Windows\System32\WindowsPowerShell\v1.0\;C:\Windows\System32\OpenSSH\;C:\Users\CS219-user\AppData\Local\Microsoft\WindowsApps;;C:\Program Files\eclipse;
USERNAME=CS219-user
OS=Windows_NT
PROCESSOR_IDENTIFIER=Intel64 Family 6 Model 85 Stepping 7, GenuineIntel



---------------  S Y S T E M  ---------------

OS:
 Windows 11 , 64 bit Build 22000 (10.0.22000.1516)
OS uptime: 0 days 0:41 hours
Hyper-V virtualization detected

CPU: total 2 (initial active 2) (1 cores per cpu, 2 threads per core) family 6 model 85 stepping 7 microcode 0xffffffff, cx8, cmov, fxsr, ht, mmx, 3dnowpref, sse, sse2, sse3, ssse3, sse4.1, sse4.2, popcnt, lzcnt, tsc, avx, avx2, aes, erms, clmul, bmi1, bmi2, rtm, adx, avx512f, avx512dq, avx512cd, avx512bw, avx512vl, fma, vzeroupper, clflush, clflushopt, hv

Memory: 4k page, system-wide physical 4094M (591M free)
TotalPageFile size 6142M (AvailPageFile size 47M)
current process WorkingSet (physical memory assigned to process): 488M, peak: 488M
current process commit charge ("private bytes"): 538M, peak: 587M

vm_info: OpenJDK 64-Bit Server VM (17.0.3+7) for windows-amd64 JRE (17.0.3+7), built on Apr 19 2022 16:55:35 by "" with MS VC++ 16.7 (VS2019)

END.
